[2018-01-16T23:33:07.022] [DEBUG] cheese - login => username:admin,password:123456
[2018-01-16T23:33:07.026] [DEBUG] cheese - admin
[2018-01-16T23:33:07.069] [DEBUG] cheese - null
[2018-01-16T23:33:07.070] [DEBUG] cheese - null
[2018-01-19T18:04:21.479] [DEBUG] cheese - login => username:admin,password:123456
[2018-01-19T18:04:21.552] [DEBUG] cheese - admin
[2018-01-19T18:04:21.595] [DEBUG] cheese - null
[2018-01-19T18:04:21.596] [DEBUG] cheese - null
[2018-01-19T21:14:40.191] [DEBUG] cheese - login => username:admin,password:123456
[2018-01-19T21:14:40.193] [DEBUG] cheese - admin
[2018-01-19T21:14:40.429] [DEBUG] cheese - null
[2018-01-19T21:14:40.431] [DEBUG] cheese - null
[2018-01-19T21:54:13.372] [DEBUG] cheese - login => username:admin,password:123456
[2018-01-19T21:54:13.372] [DEBUG] cheese - admin
[2018-01-19T21:54:13.377] [DEBUG] cheese - null
[2018-01-19T21:54:13.377] [DEBUG] cheese - null
[2018-01-19T21:54:15.317] [DEBUG] cheese - login => username:admin,password:123456
[2018-01-19T21:54:15.317] [DEBUG] cheese - admin
[2018-01-19T21:54:15.323] [DEBUG] cheese - null
[2018-01-19T21:54:15.323] [DEBUG] cheese - null
[2018-01-19T22:10:15.098] [DEBUG] cheese - login => username:admin,password:123456
[2018-01-19T22:10:15.099] [DEBUG] cheese - admin
[2018-01-19T22:10:15.105] [DEBUG] cheese - null
[2018-01-19T22:10:15.105] [DEBUG] cheese - null
[2018-01-19T22:10:16.505] [DEBUG] cheese - login => username:admin,password:123456
[2018-01-19T22:10:16.506] [DEBUG] cheese - admin
[2018-01-19T22:10:16.511] [DEBUG] cheese - null
[2018-01-19T22:10:16.511] [DEBUG] cheese - null
[2018-01-19T22:21:16.129] [DEBUG] cheese - login => username:admin,password:123456
[2018-01-19T22:21:16.129] [DEBUG] cheese - admin
[2018-01-19T22:21:16.135] [DEBUG] cheese - null
[2018-01-19T22:21:16.135] [DEBUG] cheese - null
[2018-01-19T22:21:18.488] [DEBUG] cheese - login => username:admin,password:123456
[2018-01-19T22:21:18.488] [DEBUG] cheese - admin
[2018-01-19T22:21:18.492] [DEBUG] cheese - null
[2018-01-19T22:21:18.492] [DEBUG] cheese - null
[2018-01-19T22:27:49.942] [DEBUG] cheese - login => username:admin,password:123456
[2018-01-19T22:27:49.943] [DEBUG] cheese - admin
[2018-01-19T22:27:49.947] [DEBUG] cheese - null
[2018-01-19T22:27:49.947] [DEBUG] cheese - null
[2018-01-19T22:27:51.805] [DEBUG] cheese - login => username:admin,password:123456
[2018-01-19T22:27:51.805] [DEBUG] cheese - admin
[2018-01-19T22:27:51.810] [DEBUG] cheese - null
[2018-01-19T22:27:51.811] [DEBUG] cheese - null
[2018-01-19T22:56:08.997] [DEBUG] cheese - login => username:admin,password:123456
[2018-01-19T22:56:08.997] [DEBUG] cheese - admin
[2018-01-19T22:56:09.001] [DEBUG] cheese - null
[2018-01-19T22:56:09.002] [DEBUG] cheese - null
[2018-01-19T22:56:11.169] [DEBUG] cheese - login => username:admin,password:123456
[2018-01-19T22:56:11.169] [DEBUG] cheese - admin
[2018-01-19T22:56:11.174] [DEBUG] cheese - null
[2018-01-19T22:56:11.174] [DEBUG] cheese - null
[2018-01-19T23:09:17.083] [DEBUG] cheese - login => username:admin,password:123456
[2018-01-19T23:09:17.083] [DEBUG] cheese - admin
[2018-01-19T23:09:17.093] [DEBUG] cheese - null
[2018-01-19T23:09:17.093] [DEBUG] cheese - null
[2018-01-19T23:09:17.535] [DEBUG] cheese - login => username:admin,password:123456
[2018-01-19T23:09:17.535] [DEBUG] cheese - admin
[2018-01-19T23:09:17.539] [DEBUG] cheese - null
[2018-01-19T23:09:17.539] [DEBUG] cheese - null
[2018-01-20T12:42:41.376] [DEBUG] cheese - login => username:admin,password:123456
[2018-01-20T12:42:41.382] [DEBUG] cheese - admin
[2018-01-20T12:42:42.154] [DEBUG] cheese - null
[2018-01-20T12:42:42.156] [DEBUG] cheese - null
[2018-01-20T22:37:25.505] [DEBUG] cheese - login => username:admin,password:123456
[2018-01-20T22:37:25.548] [DEBUG] cheese - admin
[2018-01-20T22:37:25.636] [DEBUG] cheese - null
[2018-01-20T22:37:25.645] [DEBUG] cheese - null
[2018-01-20T22:40:24.672] [DEBUG] cheese - login => username:admin,password:123456
[2018-01-20T22:40:24.673] [DEBUG] cheese - admin
[2018-01-20T22:40:24.678] [DEBUG] cheese - null
[2018-01-20T22:40:24.678] [DEBUG] cheese - null
[2018-01-20T22:40:27.435] [DEBUG] cheese - login => username:admin,password:123456
[2018-01-20T22:40:27.435] [DEBUG] cheese - admin
[2018-01-20T22:40:27.443] [DEBUG] cheese - null
[2018-01-20T22:40:27.443] [DEBUG] cheese - null
[2018-01-20T22:46:52.544] [DEBUG] cheese - login => username:admin,password:123456
[2018-01-20T22:46:52.544] [DEBUG] cheese - admin
[2018-01-20T22:46:52.574] [DEBUG] cheese - null
[2018-01-20T22:46:52.588] [DEBUG] cheese - null
[2018-01-20T22:59:38.459] [DEBUG] cheese - login => username:admin,password:123456
[2018-01-20T22:59:38.460] [DEBUG] cheese - admin
[2018-01-20T22:59:38.482] [DEBUG] cheese - null
[2018-01-20T22:59:38.483] [DEBUG] cheese - null
[2018-01-20T22:59:40.970] [DEBUG] cheese - login => username:admin,password:123456
[2018-01-20T22:59:40.970] [DEBUG] cheese - admin
[2018-01-20T22:59:40.974] [DEBUG] cheese - null
[2018-01-20T22:59:40.974] [DEBUG] cheese - null
[2018-01-21T00:58:24.536] [DEBUG] cheese - login => username:admin,password:123456
[2018-01-21T00:58:24.580] [DEBUG] cheese - admin
[2018-01-21T00:58:24.611] [DEBUG] cheese - null
[2018-01-21T00:58:24.611] [DEBUG] cheese - null
[2018-01-21T00:58:32.813] [DEBUG] cheese - login => username:admin,password:123456
[2018-01-21T00:58:32.813] [DEBUG] cheese - admin
[2018-01-21T00:58:32.817] [DEBUG] cheese - null
[2018-01-21T00:58:32.817] [DEBUG] cheese - null
[2018-01-21T00:58:47.566] [DEBUG] cheese - login => username:admin,password:123456
[2018-01-21T00:58:47.566] [DEBUG] cheese - admin
[2018-01-21T00:58:47.571] [DEBUG] cheese - null
[2018-01-21T00:58:47.572] [DEBUG] cheese - null
[2018-01-21T00:58:48.314] [DEBUG] cheese - login => username:admin,password:123456
[2018-01-21T00:58:48.314] [DEBUG] cheese - admin
[2018-01-21T00:58:48.318] [DEBUG] cheese - null
[2018-01-21T00:58:48.318] [DEBUG] cheese - null
[2018-01-21T00:58:58.313] [DEBUG] cheese - login => username:admin,password:123456
[2018-01-21T00:58:58.313] [DEBUG] cheese - admin
[2018-01-21T00:58:58.317] [DEBUG] cheese - null
[2018-01-21T00:58:58.317] [DEBUG] cheese - null
[2018-01-21T00:58:59.234] [DEBUG] cheese - login => username:admin,password:123456
[2018-01-21T00:58:59.234] [DEBUG] cheese - admin
[2018-01-21T00:58:59.237] [DEBUG] cheese - null
[2018-01-21T00:58:59.238] [DEBUG] cheese - null
[2018-01-21T00:59:41.394] [DEBUG] cheese - login => username:admin,password:123456
[2018-01-21T00:59:41.402] [DEBUG] cheese - admin
[2018-01-21T00:59:41.405] [DEBUG] cheese - null
[2018-01-21T00:59:41.405] [DEBUG] cheese - null
[2018-01-21T00:59:42.320] [DEBUG] cheese - login => username:admin,password:123456
[2018-01-21T00:59:42.320] [DEBUG] cheese - admin
[2018-01-21T00:59:42.327] [DEBUG] cheese - null
[2018-01-21T00:59:42.327] [DEBUG] cheese - null
[2018-01-21T00:59:43.175] [DEBUG] cheese - login => username:admin,password:123456
[2018-01-21T00:59:43.175] [DEBUG] cheese - admin
[2018-01-21T00:59:43.178] [DEBUG] cheese - null
[2018-01-21T00:59:43.178] [DEBUG] cheese - null
[2018-01-21T01:00:13.267] [DEBUG] cheese - login => username:admin,password:123456
[2018-01-21T01:00:13.267] [DEBUG] cheese - admin
[2018-01-21T01:00:13.282] [DEBUG] cheese - null
[2018-01-21T01:00:13.282] [DEBUG] cheese - null
[2018-01-21T01:00:39.376] [DEBUG] cheese - login => username:admin,password:123456
[2018-01-21T01:00:39.376] [DEBUG] cheese - admin
[2018-01-21T01:00:39.381] [DEBUG] cheese - null
[2018-01-21T01:00:39.381] [DEBUG] cheese - null
[2018-01-21T01:01:15.025] [DEBUG] cheese - login => username:admin1,password:123456
[2018-01-21T01:01:15.026] [DEBUG] cheese - admin1
[2018-01-21T01:01:15.031] [DEBUG] cheese - null
[2018-01-21T01:01:15.032] [DEBUG] cheese - null
[2018-01-21T01:01:17.110] [DEBUG] cheese - login => username:admin1,password:123456
[2018-01-21T01:01:17.110] [DEBUG] cheese - admin1
[2018-01-21T01:01:17.177] [DEBUG] cheese - null
[2018-01-21T01:01:17.177] [DEBUG] cheese - null
[2018-01-21T13:49:45.131] [DEBUG] cheese - login => username:admin1,password:123456
[2018-01-21T13:49:45.133] [DEBUG] cheese - admin1
[2018-01-21T13:49:45.350] [DEBUG] cheese - null
[2018-01-21T13:49:45.351] [DEBUG] cheese - null
[2018-01-21T13:49:47.581] [DEBUG] cheese - login => username:admin1,password:123456
[2018-01-21T13:49:47.581] [DEBUG] cheese - admin1
[2018-01-21T13:49:47.593] [DEBUG] cheese - null
[2018-01-21T13:49:47.593] [DEBUG] cheese - null
[2018-01-21T16:20:21.233] [DEBUG] cheese - login => username:admin1,password:123456
[2018-01-21T16:20:21.233] [DEBUG] cheese - admin1
[2018-01-21T16:20:21.237] [DEBUG] cheese - null
[2018-01-21T16:20:21.238] [DEBUG] cheese - null
[2018-01-21T16:20:24.459] [DEBUG] cheese - login => username:admin1,password:123456
[2018-01-21T16:20:24.459] [DEBUG] cheese - admin1
[2018-01-21T16:20:24.465] [DEBUG] cheese - null
[2018-01-21T16:20:24.465] [DEBUG] cheese - null
[2018-01-22T09:44:59.247] [DEBUG] cheese - login => username:admin,password:123456
[2018-01-22T09:44:59.285] [DEBUG] cheese - admin
[2018-01-22T09:44:59.292] [DEBUG] cheese - null
[2018-01-22T09:44:59.294] [DEBUG] cheese - null
[2018-01-22T09:45:03.282] [DEBUG] cheese - login => username:admin1,password:123456
[2018-01-22T09:45:03.283] [DEBUG] cheese - admin1
[2018-01-22T09:45:03.287] [DEBUG] cheese - null
[2018-01-22T09:45:03.287] [DEBUG] cheese - null
[2018-01-22T09:45:04.733] [DEBUG] cheese - login => username:admin1,password:123456
[2018-01-22T09:45:04.733] [DEBUG] cheese - admin1
[2018-01-22T09:45:04.737] [DEBUG] cheese - null
[2018-01-22T09:45:04.737] [DEBUG] cheese - null
[2018-01-22T11:18:26.777] [DEBUG] cheese - login => username:admin1,password:123456
[2018-01-22T11:18:26.778] [DEBUG] cheese - admin1
[2018-01-22T11:18:26.783] [DEBUG] cheese - null
[2018-01-22T11:18:26.783] [DEBUG] cheese - null
[2018-01-22T11:18:28.206] [DEBUG] cheese - login => username:admin1,password:123456
[2018-01-22T11:18:28.206] [DEBUG] cheese - admin1
[2018-01-22T11:18:28.210] [DEBUG] cheese - null
[2018-01-22T11:18:28.210] [DEBUG] cheese - null
[2018-01-22T20:33:35.087] [DEBUG] cheese - login => username:admin,password:123456
[2018-01-22T20:33:35.135] [DEBUG] cheese - admin
[2018-01-22T20:33:35.138] [DEBUG] cheese - null
[2018-01-22T20:33:35.139] [DEBUG] cheese - null
[2018-01-22T20:33:36.128] [DEBUG] cheese - login => username:admin,password:123456
[2018-01-22T20:33:36.128] [DEBUG] cheese - admin
[2018-01-22T20:33:36.133] [DEBUG] cheese - null
[2018-01-22T20:33:36.133] [DEBUG] cheese - null
[2018-01-22T20:33:37.089] [DEBUG] cheese - login => username:admin,password:123456
[2018-01-22T20:33:37.089] [DEBUG] cheese - admin
[2018-01-22T20:33:37.093] [DEBUG] cheese - null
[2018-01-22T20:33:37.093] [DEBUG] cheese - null
[2018-01-22T20:33:43.756] [DEBUG] cheese - login => username:admin,password:123456
[2018-01-22T20:33:43.756] [DEBUG] cheese - admin
[2018-01-22T20:33:43.759] [DEBUG] cheese - null
[2018-01-22T20:33:43.759] [DEBUG] cheese - null
[2018-01-22T20:33:51.222] [DEBUG] cheese - login => username:admin1,password:123456
[2018-01-22T20:33:51.222] [DEBUG] cheese - admin1
[2018-01-22T20:33:51.226] [DEBUG] cheese - null
[2018-01-22T20:33:51.227] [DEBUG] cheese - null
[2018-01-22T20:33:52.264] [DEBUG] cheese - login => username:admin1,password:123456
[2018-01-22T20:33:52.264] [DEBUG] cheese - admin1
[2018-01-22T20:33:52.268] [DEBUG] cheese - null
[2018-01-22T20:33:52.268] [DEBUG] cheese - null
[2018-01-23T08:54:34.214] [DEBUG] cheese - login => username:admin,password:123456
[2018-01-23T08:54:34.217] [DEBUG] cheese - admin
[2018-01-23T08:54:34.414] [DEBUG] cheese - null
[2018-01-23T08:54:34.415] [DEBUG] cheese - null
[2018-01-23T08:54:43.103] [DEBUG] cheese - login => username:admin1,password:123456
[2018-01-23T08:54:43.103] [DEBUG] cheese - admin1
[2018-01-23T08:54:43.118] [DEBUG] cheese - null
[2018-01-23T08:54:43.118] [DEBUG] cheese - null
[2018-01-23T08:54:44.498] [DEBUG] cheese - login => username:admin1,password:123456
[2018-01-23T08:54:44.499] [DEBUG] cheese - admin1
[2018-01-23T08:54:44.510] [DEBUG] cheese - null
[2018-01-23T08:54:44.511] [DEBUG] cheese - null
[2018-01-23T11:13:35.199] [DEBUG] cheese - null
[2018-01-23T12:46:54.412] [DEBUG] cheese - null
[2018-01-23T12:46:55.987] [DEBUG] cheese - null
[2018-01-23T12:46:57.147] [DEBUG] cheese - null
[2018-01-23T12:46:58.139] [DEBUG] cheese - null
[2018-01-23T12:46:59.798] [DEBUG] cheese - null
[2018-01-23T12:47:03.764] [DEBUG] cheese - null
[2018-01-23T12:47:05.130] [DEBUG] cheese - null
[2018-01-23T12:47:06.917] [DEBUG] cheese - null
[2018-01-23T12:47:08.340] [DEBUG] cheese - null
[2018-01-23T12:47:10.699] [DEBUG] cheese - null
[2018-01-23T12:47:39.698] [DEBUG] cheese - null
[2018-01-23T12:47:46.044] [DEBUG] cheese - null
[2018-01-23T12:47:47.502] [DEBUG] cheese - null
[2018-01-23T12:47:48.756] [DEBUG] cheese - null
[2018-01-23T17:00:20.263] [DEBUG] cheese - login => username:admin,password:123456
[2018-01-23T17:00:20.276] [DEBUG] cheese - admin
[2018-01-23T17:00:20.334] [DEBUG] cheese - null
[2018-01-23T17:00:20.335] [DEBUG] cheese - null
[2018-01-23T17:00:21.409] [DEBUG] cheese - login => username:admin,password:123456
[2018-01-23T17:00:21.409] [DEBUG] cheese - admin
[2018-01-23T17:00:21.412] [DEBUG] cheese - null
[2018-01-23T17:00:21.412] [DEBUG] cheese - null
[2018-01-23T17:00:26.861] [DEBUG] cheese - login => username:admin1,password:123456
[2018-01-23T17:00:26.861] [DEBUG] cheese - admin1
[2018-01-23T17:00:26.864] [DEBUG] cheese - null
[2018-01-23T17:00:26.864] [DEBUG] cheese - null
[2018-01-23T17:02:11.966] [DEBUG] cheese - null
[2018-01-23T17:02:13.862] [DEBUG] cheese - null
[2018-01-23T17:02:15.118] [DEBUG] cheese - null
[2018-01-23T17:02:19.046] [DEBUG] cheese - null
[2018-01-23T17:02:40.159] [DEBUG] cheese - null
[2018-01-23T17:02:41.391] [DEBUG] cheese - null
[2018-01-23T17:02:42.104] [DEBUG] cheese - null
[2018-01-23T19:16:36.808] [DEBUG] cheese - login => username:admin1,password:123456
[2018-01-23T19:16:36.810] [DEBUG] cheese - admin1
[2018-01-23T19:16:36.974] [DEBUG] cheese - null
[2018-01-23T19:16:36.975] [DEBUG] cheese - null
[2018-01-23T19:16:38.052] [DEBUG] cheese - login => username:admin1,password:123456
[2018-01-23T19:16:38.053] [DEBUG] cheese - admin1
[2018-01-23T19:16:38.063] [DEBUG] cheese - null
[2018-01-23T19:16:38.063] [DEBUG] cheese - null
[2018-01-23T19:16:48.513] [DEBUG] cheese - login => username:admin1,password:123456
[2018-01-23T19:16:48.513] [DEBUG] cheese - admin1
[2018-01-23T19:16:48.523] [DEBUG] cheese - null
[2018-01-23T19:16:48.523] [DEBUG] cheese - null
[2018-01-23T20:11:24.994] [DEBUG] cheese - null
[2018-01-23T20:11:26.448] [DEBUG] cheese - null
[2018-01-23T20:11:28.464] [DEBUG] cheese - null
[2018-01-23T20:11:29.409] [DEBUG] cheese - null
[2018-01-23T20:11:31.880] [DEBUG] cheese - null
[2018-01-23T20:22:17.221] [DEBUG] cheese - login => username:admin,password:123456
[2018-01-23T20:22:17.221] [DEBUG] cheese - admin
[2018-01-23T20:22:17.226] [DEBUG] cheese - null
[2018-01-23T20:22:17.226] [DEBUG] cheese - null
[2018-01-23T20:22:19.710] [DEBUG] cheese - login => username:admin1,password:123456
[2018-01-23T20:22:19.711] [DEBUG] cheese - admin1
[2018-01-23T20:22:19.715] [DEBUG] cheese - null
[2018-01-23T20:22:19.715] [DEBUG] cheese - null
[2018-01-23T20:22:20.886] [DEBUG] cheese - login => username:admin1,password:123456
[2018-01-23T20:22:20.886] [DEBUG] cheese - admin1
[2018-01-23T20:22:20.892] [DEBUG] cheese - null
[2018-01-23T20:22:20.892] [DEBUG] cheese - null
[2018-01-23T22:05:02.390] [DEBUG] cheese - login => username:admin1,password:123456
[2018-01-23T22:05:02.390] [DEBUG] cheese - admin1
[2018-01-23T22:05:02.403] [DEBUG] cheese - null
[2018-01-23T22:05:02.417] [DEBUG] cheese - null
[2018-01-23T22:05:03.434] [DEBUG] cheese - login => username:admin1,password:123456
[2018-01-23T22:05:03.434] [DEBUG] cheese - admin1
[2018-01-23T22:05:03.437] [DEBUG] cheese - null
[2018-01-23T22:05:03.437] [DEBUG] cheese - null
[2018-01-23T22:05:06.606] [DEBUG] cheese - null
[2018-01-23T22:05:06.625] [DEBUG] cheese - null
[2018-01-23T22:05:09.587] [DEBUG] cheese - null
[2018-01-23T22:05:09.590] [DEBUG] cheese - null
[2018-01-23T22:05:10.322] [DEBUG] cheese - null
[2018-01-23T22:05:10.326] [DEBUG] cheese - null
[2018-01-23T22:05:10.873] [DEBUG] cheese - null
[2018-01-23T22:05:10.879] [DEBUG] cheese - null
[2018-01-23T22:05:13.368] [DEBUG] cheese - null
[2018-01-23T22:05:13.375] [DEBUG] cheese - null
[2018-01-23T22:05:14.879] [DEBUG] cheese - null
[2018-01-23T22:05:14.884] [DEBUG] cheese - null
[2018-01-23T22:05:15.979] [DEBUG] cheese - null
[2018-01-23T22:05:15.982] [DEBUG] cheese - null
[2018-01-23T22:05:18.601] [DEBUG] cheese - null
[2018-01-23T22:05:18.605] [DEBUG] cheese - null
[2018-01-23T22:05:18.635] [DEBUG] cheese - null
[2018-01-23T22:05:18.640] [DEBUG] cheese - null
[2018-01-23T22:05:21.010] [DEBUG] cheese - null
[2018-01-23T22:05:21.014] [DEBUG] cheese - null
[2018-01-23T22:05:23.676] [DEBUG] cheese - null
[2018-01-23T22:05:23.681] [DEBUG] cheese - null
[2018-01-23T22:05:23.710] [DEBUG] cheese - null
[2018-01-23T22:05:23.714] [DEBUG] cheese - null
[2018-01-23T22:05:24.949] [DEBUG] cheese - null
[2018-01-23T22:05:24.983] [DEBUG] cheese - null
[2018-01-23T22:05:26.389] [DEBUG] cheese - null
[2018-01-23T22:05:26.392] [DEBUG] cheese - null
[2018-01-23T22:05:30.656] [DEBUG] cheese - null
[2018-01-23T22:05:30.915] [DEBUG] cheese - null
[2018-01-23T22:05:31.262] [DEBUG] cheese - null
[2018-01-23T22:05:31.265] [DEBUG] cheese - null
[2018-01-23T22:05:31.414] [DEBUG] cheese - null
[2018-01-23T22:05:31.418] [DEBUG] cheese - null
[2018-01-23T22:05:31.435] [DEBUG] cheese - null
[2018-01-23T22:05:31.438] [DEBUG] cheese - null
[2018-01-23T22:05:34.797] [DEBUG] cheese - null
[2018-01-23T22:05:34.800] [DEBUG] cheese - null
[2018-01-23T22:05:37.389] [DEBUG] cheese - null
[2018-01-23T22:05:37.392] [DEBUG] cheese - null
[2018-01-23T22:05:43.540] [DEBUG] cheese - null
[2018-01-23T22:05:43.547] [DEBUG] cheese - null
[2018-01-23T22:07:12.575] [DEBUG] cheese - null
[2018-01-23T22:07:12.584] [DEBUG] cheese - null
[2018-01-23T22:08:32.815] [DEBUG] cheese - null
[2018-01-23T22:08:32.823] [DEBUG] cheese - null
[2018-01-23T22:08:34.712] [DEBUG] cheese - null
[2018-01-23T22:08:34.718] [DEBUG] cheese - null
[2018-01-23T22:08:36.200] [DEBUG] cheese - null
[2018-01-23T22:08:36.209] [DEBUG] cheese - null
[2018-01-23T22:08:39.134] [DEBUG] cheese - null
[2018-01-23T22:08:39.139] [DEBUG] cheese - null
[2018-01-23T22:08:39.265] [DEBUG] cheese - null
[2018-01-23T22:08:39.270] [DEBUG] cheese - null
[2018-01-23T22:08:40.594] [DEBUG] cheese - null
[2018-01-23T22:08:40.620] [DEBUG] cheese - null
[2018-01-23T22:08:43.815] [DEBUG] cheese - null
[2018-01-23T22:08:43.820] [DEBUG] cheese - null
[2018-01-23T22:08:43.854] [DEBUG] cheese - null
[2018-01-23T22:08:43.859] [DEBUG] cheese - null
[2018-01-23T22:08:45.468] [DEBUG] cheese - null
[2018-01-23T22:08:45.472] [DEBUG] cheese - null
[2018-01-23T22:09:16.991] [DEBUG] cheese - null
[2018-01-23T22:09:16.997] [DEBUG] cheese - null
[2018-01-23T22:09:18.412] [DEBUG] cheese - null
[2018-01-23T22:09:18.417] [DEBUG] cheese - null
[2018-01-23T22:09:19.657] [DEBUG] cheese - null
[2018-01-23T22:09:19.662] [DEBUG] cheese - null
[2018-01-23T22:09:22.803] [DEBUG] cheese - null
[2018-01-23T22:09:22.808] [DEBUG] cheese - null
[2018-01-23T22:09:22.842] [DEBUG] cheese - null
[2018-01-23T22:09:22.845] [DEBUG] cheese - null
[2018-01-23T22:09:24.076] [DEBUG] cheese - null
[2018-01-23T22:09:24.079] [DEBUG] cheese - null
[2018-01-23T22:09:26.836] [DEBUG] cheese - null
[2018-01-23T22:09:26.839] [DEBUG] cheese - null
[2018-01-23T22:09:26.863] [DEBUG] cheese - null
[2018-01-23T22:09:26.870] [DEBUG] cheese - null
[2018-01-23T22:09:27.906] [DEBUG] cheese - null
[2018-01-23T22:09:27.911] [DEBUG] cheese - null
[2018-01-23T22:09:30.748] [DEBUG] cheese - null
[2018-01-23T22:09:30.751] [DEBUG] cheese - null
[2018-01-23T22:09:30.787] [DEBUG] cheese - null
[2018-01-23T22:09:30.790] [DEBUG] cheese - null
[2018-01-23T22:09:52.996] [DEBUG] cheese - null
[2018-01-23T22:09:53.000] [DEBUG] cheese - null
[2018-01-23T22:10:11.314] [DEBUG] cheese - null
[2018-01-23T22:10:11.319] [DEBUG] cheese - null
[2018-01-23T22:10:13.032] [DEBUG] cheese - null
[2018-01-23T22:10:13.035] [DEBUG] cheese - null
[2018-01-23T22:10:14.276] [DEBUG] cheese - null
[2018-01-23T22:10:14.289] [DEBUG] cheese - null
[2018-01-23T22:10:16.711] [DEBUG] cheese - null
[2018-01-23T22:10:16.714] [DEBUG] cheese - null
[2018-01-23T22:10:16.759] [DEBUG] cheese - null
[2018-01-23T22:10:16.796] [DEBUG] cheese - null
[2018-01-23T22:10:18.364] [DEBUG] cheese - null
[2018-01-23T22:10:18.368] [DEBUG] cheese - null
[2018-01-23T22:10:21.542] [DEBUG] cheese - null
[2018-01-23T22:10:21.545] [DEBUG] cheese - null
[2018-01-23T22:10:21.570] [DEBUG] cheese - null
[2018-01-23T22:10:21.577] [DEBUG] cheese - null
[2018-01-23T22:10:25.277] [DEBUG] cheese - null
[2018-01-23T22:10:25.289] [DEBUG] cheese - null
[2018-01-23T22:12:18.209] [DEBUG] cheese - null
[2018-01-23T22:12:18.215] [DEBUG] cheese - null
[2018-01-23T22:12:21.060] [DEBUG] cheese - null
[2018-01-23T22:12:21.063] [DEBUG] cheese - null
[2018-01-23T22:12:22.471] [DEBUG] cheese - null
[2018-01-23T22:12:22.484] [DEBUG] cheese - null
[2018-01-23T22:12:24.790] [DEBUG] cheese - null
[2018-01-23T22:12:24.794] [DEBUG] cheese - null
[2018-01-23T22:12:24.885] [DEBUG] cheese - null
[2018-01-23T22:12:24.888] [DEBUG] cheese - null
[2018-01-23T22:12:26.057] [DEBUG] cheese - null
[2018-01-23T22:12:26.062] [DEBUG] cheese - null
[2018-01-23T22:12:28.952] [DEBUG] cheese - null
[2018-01-23T22:12:28.956] [DEBUG] cheese - null
[2018-01-23T22:12:29.013] [DEBUG] cheese - null
[2018-01-23T22:12:29.017] [DEBUG] cheese - null
[2018-01-23T22:12:30.023] [DEBUG] cheese - null
[2018-01-23T22:12:30.027] [DEBUG] cheese - null
[2018-01-23T22:12:32.351] [DEBUG] cheese - null
[2018-01-23T22:12:32.353] [DEBUG] cheese - null
[2018-01-23T22:12:32.406] [DEBUG] cheese - null
[2018-01-23T22:12:32.409] [DEBUG] cheese - null
[2018-01-23T22:12:52.478] [DEBUG] cheese - null
[2018-01-23T22:12:52.481] [DEBUG] cheese - null
[2018-01-23T22:12:54.800] [DEBUG] cheese - null
[2018-01-23T22:12:54.804] [DEBUG] cheese - null
[2018-01-23T22:12:54.844] [DEBUG] cheese - null
[2018-01-23T22:12:54.847] [DEBUG] cheese - null
[2018-01-23T22:12:56.042] [DEBUG] cheese - null
[2018-01-23T22:12:56.044] [DEBUG] cheese - null
[2018-01-23T22:12:58.046] [DEBUG] cheese - null
[2018-01-23T22:12:58.050] [DEBUG] cheese - null
[2018-01-23T22:12:58.077] [DEBUG] cheese - null
[2018-01-23T22:12:58.082] [DEBUG] cheese - null
[2018-01-23T22:12:59.077] [DEBUG] cheese - null
[2018-01-23T22:12:59.081] [DEBUG] cheese - null
[2018-01-23T22:13:01.608] [DEBUG] cheese - null
[2018-01-23T22:13:01.612] [DEBUG] cheese - null
[2018-01-23T22:13:01.655] [DEBUG] cheese - null
[2018-01-23T22:13:01.661] [DEBUG] cheese - null
[2018-01-23T22:13:11.546] [DEBUG] cheese - null
[2018-01-23T22:13:11.549] [DEBUG] cheese - null
[2018-01-23T22:13:14.179] [DEBUG] cheese - null
[2018-01-23T22:13:14.183] [DEBUG] cheese - null
[2018-01-23T22:13:14.901] [DEBUG] cheese - null
[2018-01-23T22:13:14.906] [DEBUG] cheese - null
[2018-01-23T22:13:20.530] [DEBUG] cheese - null
[2018-01-23T22:13:20.533] [DEBUG] cheese - null
[2018-01-23T22:15:56.246] [DEBUG] cheese - null
[2018-01-23T22:15:56.249] [DEBUG] cheese - null
[2018-01-23T22:16:04.294] [DEBUG] cheese - null
[2018-01-23T22:16:04.297] [DEBUG] cheese - null
[2018-01-23T22:20:44.341] [DEBUG] cheese - null
[2018-01-23T22:20:44.354] [DEBUG] cheese - null
[2018-01-23T22:20:50.117] [DEBUG] cheese - null
[2018-01-23T22:20:50.122] [DEBUG] cheese - null
[2018-01-23T22:20:51.118] [DEBUG] cheese - null
[2018-01-23T22:20:51.123] [DEBUG] cheese - null
[2018-01-23T22:20:55.991] [DEBUG] cheese - null
[2018-01-23T22:20:56.004] [DEBUG] cheese - null
[2018-01-23T22:20:56.662] [DEBUG] cheese - null
[2018-01-23T22:20:56.664] [DEBUG] cheese - null
[2018-01-23T22:20:58.706] [DEBUG] cheese - null
[2018-01-23T22:20:58.710] [DEBUG] cheese - null
[2018-01-23T22:20:59.921] [DEBUG] cheese - null
[2018-01-23T22:20:59.925] [DEBUG] cheese - null
[2018-01-23T22:21:00.575] [DEBUG] cheese - null
[2018-01-23T22:21:00.580] [DEBUG] cheese - null
[2018-01-23T22:21:07.817] [DEBUG] cheese - null
[2018-01-23T22:21:07.820] [DEBUG] cheese - null
[2018-01-23T22:21:07.823] [DEBUG] cheese - null
[2018-01-23T22:21:12.852] [DEBUG] cheese - null
[2018-01-23T22:21:12.854] [DEBUG] cheese - null
[2018-01-23T22:21:12.857] [DEBUG] cheese - null
[2018-01-23T22:21:14.159] [DEBUG] cheese - null
[2018-01-23T22:21:14.162] [DEBUG] cheese - null
[2018-01-23T22:21:14.164] [DEBUG] cheese - null
[2018-01-23T22:21:18.710] [DEBUG] cheese - null
[2018-01-23T22:21:18.714] [DEBUG] cheese - null
[2018-01-23T22:31:07.524] [DEBUG] cheese - null
[2018-01-23T22:31:07.529] [DEBUG] cheese - null
[2018-01-23T22:31:12.648] [DEBUG] cheese - null
[2018-01-23T22:31:12.651] [DEBUG] cheese - null
[2018-01-23T22:31:19.163] [DEBUG] cheese - null
[2018-01-23T22:31:19.166] [DEBUG] cheese - null
[2018-01-23T22:31:19.233] [DEBUG] cheese - null
[2018-01-23T22:31:19.237] [DEBUG] cheese - null
[2018-01-23T22:31:20.489] [DEBUG] cheese - null
[2018-01-23T22:31:20.491] [DEBUG] cheese - null
[2018-01-23T22:31:24.508] [DEBUG] cheese - null
[2018-01-23T22:31:24.511] [DEBUG] cheese - null
[2018-01-24T11:12:57.230] [DEBUG] cheese - null
[2018-01-24T11:12:57.244] [DEBUG] cheese - null
[2018-01-24T11:13:14.611] [DEBUG] cheese - null
[2018-01-24T11:13:14.620] [DEBUG] cheese - null
[2018-01-24T11:13:14.723] [DEBUG] cheese - null
[2018-01-24T11:13:14.732] [DEBUG] cheese - null
[2018-01-24T11:13:16.406] [DEBUG] cheese - null
[2018-01-24T11:13:16.411] [DEBUG] cheese - null
[2018-01-24T11:13:28.868] [DEBUG] cheese - null
[2018-01-24T11:13:28.875] [DEBUG] cheese - null
[2018-01-24T11:13:29.016] [DEBUG] cheese - null
[2018-01-24T11:13:29.026] [DEBUG] cheese - null
[2018-01-24T11:13:37.033] [DEBUG] cheese - null
[2018-01-24T11:13:37.038] [DEBUG] cheese - null
[2018-01-24T11:13:50.375] [DEBUG] cheese - login => username:admin1,password:123456
[2018-01-24T11:13:50.375] [DEBUG] cheese - admin1
[2018-01-24T11:13:50.437] [DEBUG] cheese - null
[2018-01-24T11:13:50.437] [DEBUG] cheese - null
[2018-01-24T11:13:51.463] [DEBUG] cheese - login => username:admin1,password:123456
[2018-01-24T11:13:51.463] [DEBUG] cheese - admin1
[2018-01-24T11:13:51.468] [DEBUG] cheese - null
[2018-01-24T11:13:51.469] [DEBUG] cheese - null
[2018-01-24T11:13:53.528] [DEBUG] cheese - null
[2018-01-24T11:13:53.534] [DEBUG] cheese - null
[2018-01-24T11:13:59.052] [DEBUG] cheese - null
[2018-01-24T11:13:59.058] [DEBUG] cheese - null
[2018-01-24T11:14:00.066] [DEBUG] cheese - null
[2018-01-24T11:14:00.070] [DEBUG] cheese - null
[2018-01-24T11:14:01.767] [DEBUG] cheese - null
[2018-01-24T11:14:01.773] [DEBUG] cheese - null
[2018-01-24T11:14:03.381] [DEBUG] cheese - null
[2018-01-24T11:14:03.385] [DEBUG] cheese - null
[2018-01-24T11:14:06.707] [DEBUG] cheese - null
[2018-01-24T11:14:06.712] [DEBUG] cheese - null
[2018-01-24T11:14:06.795] [DEBUG] cheese - null
[2018-01-24T11:14:06.801] [DEBUG] cheese - null
[2018-01-24T11:14:14.043] [DEBUG] cheese - null
[2018-01-24T11:14:14.050] [DEBUG] cheese - null
[2018-01-24T11:14:22.394] [DEBUG] cheese - null
[2018-01-24T11:14:22.399] [DEBUG] cheese - null
[2018-01-24T11:14:22.638] [DEBUG] cheese - null
[2018-01-24T11:14:22.645] [DEBUG] cheese - null
[2018-01-24T11:14:23.999] [DEBUG] cheese - null
[2018-01-24T11:14:24.004] [DEBUG] cheese - null
[2018-01-24T11:14:25.410] [DEBUG] cheese - null
[2018-01-24T11:14:25.415] [DEBUG] cheese - null
[2018-01-24T11:14:28.479] [DEBUG] cheese - null
[2018-01-24T11:14:28.483] [DEBUG] cheese - null
[2018-01-24T11:14:28.528] [DEBUG] cheese - null
[2018-01-24T11:14:28.535] [DEBUG] cheese - null
[2018-01-24T11:14:29.966] [DEBUG] cheese - null
[2018-01-24T11:14:29.970] [DEBUG] cheese - null
[2018-01-24T11:14:35.698] [DEBUG] cheese - login => username:123,password:123
[2018-01-24T11:14:35.699] [DEBUG] cheese - 123
[2018-01-24T11:14:35.704] [DEBUG] cheese - null
[2018-01-24T11:14:35.704] [DEBUG] cheese - null
[2018-01-24T11:14:37.037] [DEBUG] cheese - login => username:123,password:123
[2018-01-24T11:14:37.038] [DEBUG] cheese - 123
[2018-01-24T11:14:37.042] [DEBUG] cheese - null
[2018-01-24T11:14:37.042] [DEBUG] cheese - null
[2018-01-24T11:14:42.897] [DEBUG] cheese - null
[2018-01-24T11:14:42.902] [DEBUG] cheese - null
[2018-01-24T11:14:46.132] [DEBUG] cheese - null
[2018-01-24T11:14:46.138] [DEBUG] cheese - null
[2018-01-24T11:14:49.040] [DEBUG] cheese - null
[2018-01-24T11:14:49.045] [DEBUG] cheese - null
[2018-01-24T11:14:50.243] [DEBUG] cheese - null
[2018-01-24T11:14:50.247] [DEBUG] cheese - null
[2018-01-24T11:14:51.364] [DEBUG] cheese - null
[2018-01-24T11:14:51.373] [DEBUG] cheese - null
[2018-01-24T11:14:51.867] [DEBUG] cheese - null
[2018-01-24T11:14:51.876] [DEBUG] cheese - null
[2018-01-24T11:14:57.761] [DEBUG] cheese - null
[2018-01-24T11:14:57.768] [DEBUG] cheese - null
[2018-01-24T11:15:00.143] [DEBUG] cheese - null
[2018-01-24T11:15:00.148] [DEBUG] cheese - null
[2018-01-24T11:15:03.353] [DEBUG] cheese - null
[2018-01-24T11:15:03.358] [DEBUG] cheese - null
[2018-01-24T11:15:04.176] [DEBUG] cheese - null
[2018-01-24T11:15:04.183] [DEBUG] cheese - null
[2018-01-24T11:15:09.522] [DEBUG] cheese - null
[2018-01-24T11:15:09.528] [DEBUG] cheese - null
[2018-01-24T11:15:10.350] [DEBUG] cheese - null
[2018-01-24T11:15:10.355] [DEBUG] cheese - null
[2018-01-24T11:18:07.318] [DEBUG] cheese - null
[2018-01-24T11:18:07.322] [DEBUG] cheese - null
[2018-01-24T11:18:10.369] [DEBUG] cheese - null
[2018-01-24T11:18:10.373] [DEBUG] cheese - null
[2018-01-24T11:18:13.123] [DEBUG] cheese - null
[2018-01-24T11:18:13.133] [DEBUG] cheese - null
[2018-01-24T11:18:13.200] [DEBUG] cheese - null
[2018-01-24T11:18:13.208] [DEBUG] cheese - null
[2018-01-24T11:18:17.441] [DEBUG] cheese - null
[2018-01-24T11:18:17.447] [DEBUG] cheese - null
[2018-01-24T11:18:17.492] [DEBUG] cheese - null
[2018-01-24T11:18:17.497] [DEBUG] cheese - null
[2018-01-24T11:18:19.560] [DEBUG] cheese - null
[2018-01-24T11:18:19.565] [DEBUG] cheese - null
[2018-01-24T11:18:19.603] [DEBUG] cheese - null
[2018-01-24T11:18:19.606] [DEBUG] cheese - null
[2018-01-24T14:00:45.151] [DEBUG] cheese - null
[2018-01-24T14:00:45.160] [DEBUG] cheese - null
[2018-01-24T14:00:46.977] [DEBUG] cheese - null
[2018-01-24T14:00:46.983] [DEBUG] cheese - null
[2018-01-24T14:00:47.736] [DEBUG] cheese - null
[2018-01-24T14:00:47.743] [DEBUG] cheese - null
[2018-01-24T14:00:48.850] [DEBUG] cheese - null
[2018-01-24T14:00:48.859] [DEBUG] cheese - null
[2018-01-24T14:00:49.412] [DEBUG] cheese - null
[2018-01-24T14:00:49.421] [DEBUG] cheese - null
[2018-01-24T14:00:52.804] [DEBUG] cheese - null
[2018-01-24T14:00:52.816] [DEBUG] cheese - null
[2018-01-24T14:00:53.632] [DEBUG] cheese - null
[2018-01-24T14:00:53.636] [DEBUG] cheese - null
[2018-01-24T14:00:55.766] [DEBUG] cheese - null
[2018-01-24T14:00:55.775] [DEBUG] cheese - null
[2018-01-24T14:01:13.879] [DEBUG] cheese - login => username:admin1,password:123456
[2018-01-24T14:01:13.880] [DEBUG] cheese - admin1
[2018-01-24T14:01:13.884] [DEBUG] cheese - null
[2018-01-24T14:01:13.884] [DEBUG] cheese - null
[2018-01-24T14:01:15.623] [DEBUG] cheese - login => username:admin1,password:123456
[2018-01-24T14:01:15.623] [DEBUG] cheese - admin1
[2018-01-24T14:01:15.631] [DEBUG] cheese - null
[2018-01-24T14:01:15.631] [DEBUG] cheese - null
[2018-01-24T14:01:18.226] [DEBUG] cheese - null
[2018-01-24T14:01:18.232] [DEBUG] cheese - null
[2018-01-24T14:01:19.672] [DEBUG] cheese - null
[2018-01-24T14:01:19.680] [DEBUG] cheese - null
[2018-01-24T14:01:20.867] [DEBUG] cheese - null
[2018-01-24T14:01:20.871] [DEBUG] cheese - null
[2018-01-24T14:01:21.760] [DEBUG] cheese - null
[2018-01-24T14:01:21.768] [DEBUG] cheese - null
[2018-01-24T14:01:23.874] [DEBUG] cheese - null
[2018-01-24T14:01:23.878] [DEBUG] cheese - null
[2018-01-24T14:02:45.407] [DEBUG] cheese - null
[2018-01-24T14:02:45.413] [DEBUG] cheese - null
[2018-01-24T14:02:46.295] [DEBUG] cheese - null
[2018-01-24T14:02:46.304] [DEBUG] cheese - null
[2018-01-24T14:02:47.210] [DEBUG] cheese - null
[2018-01-24T14:02:47.221] [DEBUG] cheese - null
[2018-01-24T14:02:48.044] [DEBUG] cheese - null
[2018-01-24T14:02:48.049] [DEBUG] cheese - null
[2018-01-24T14:02:50.445] [DEBUG] cheese - null
[2018-01-24T14:02:50.450] [DEBUG] cheese - null
[2018-01-24T14:02:52.950] [DEBUG] cheese - null
[2018-01-24T14:02:52.956] [DEBUG] cheese - null
[2018-01-24T14:11:35.953] [DEBUG] cheese - null
[2018-01-24T14:11:35.961] [DEBUG] cheese - null
[2018-01-24T14:11:47.708] [DEBUG] cheese - null
[2018-01-24T14:11:47.724] [DEBUG] cheese - null
[2018-01-24T14:11:48.551] [DEBUG] cheese - null
[2018-01-24T14:11:48.558] [DEBUG] cheese - null
[2018-01-24T14:11:52.809] [DEBUG] cheese - null
[2018-01-24T14:11:52.812] [DEBUG] cheese - null
[2018-01-24T14:26:39.841] [DEBUG] cheese - null
[2018-01-24T14:26:39.852] [DEBUG] cheese - null
[2018-01-24T14:27:59.510] [DEBUG] cheese - null
[2018-01-24T14:27:59.518] [DEBUG] cheese - null
[2018-01-24T14:29:48.005] [DEBUG] cheese - null
[2018-01-24T14:29:48.016] [DEBUG] cheese - null
[2018-01-24T14:34:01.376] [DEBUG] cheese - null
[2018-01-24T14:34:01.386] [DEBUG] cheese - null
[2018-01-24T14:34:04.863] [DEBUG] cheese - null
[2018-01-24T14:34:04.870] [DEBUG] cheese - null
[2018-01-24T14:35:25.101] [DEBUG] cheese - null
[2018-01-24T14:35:25.108] [DEBUG] cheese - null
[2018-01-24T14:35:30.401] [DEBUG] cheese - null
[2018-01-24T14:35:30.410] [DEBUG] cheese - null
[2018-01-24T14:35:59.306] [DEBUG] cheese - null
[2018-01-24T14:35:59.313] [DEBUG] cheese - null
[2018-01-24T14:36:02.100] [DEBUG] cheese - null
[2018-01-24T14:36:02.106] [DEBUG] cheese - null
[2018-01-24T16:23:00.845] [DEBUG] cheese - null
[2018-01-24T16:23:00.896] [DEBUG] cheese - null
[2018-01-24T16:23:04.133] [DEBUG] cheese - null
[2018-01-24T16:23:04.139] [DEBUG] cheese - null
[2018-01-24T16:23:06.044] [DEBUG] cheese - null
[2018-01-24T16:23:06.054] [DEBUG] cheese - null
[2018-01-24T16:23:06.895] [DEBUG] cheese - null
[2018-01-24T16:23:06.908] [DEBUG] cheese - null
[2018-01-24T16:23:09.022] [DEBUG] cheese - null
[2018-01-24T16:23:09.030] [DEBUG] cheese - null
[2018-01-24T16:23:10.908] [DEBUG] cheese - null
[2018-01-24T16:23:10.917] [DEBUG] cheese - null
[2018-01-24T16:27:58.929] [DEBUG] cheese - login => username:admin1,password:123456
[2018-01-24T16:27:58.931] [DEBUG] cheese - admin1
[2018-01-24T16:27:58.938] [DEBUG] cheese - null
[2018-01-24T16:27:58.939] [DEBUG] cheese - null
[2018-01-24T16:28:00.368] [DEBUG] cheese - login => username:admin1,password:123456
[2018-01-24T16:28:00.368] [DEBUG] cheese - admin1
[2018-01-24T16:28:00.374] [DEBUG] cheese - null
[2018-01-24T16:28:00.374] [DEBUG] cheese - null
[2018-01-24T16:28:03.877] [DEBUG] cheese - null
[2018-01-24T16:28:03.888] [DEBUG] cheese - null
[2018-01-24T16:28:05.175] [DEBUG] cheese - null
[2018-01-24T16:28:05.186] [DEBUG] cheese - null
[2018-01-24T16:28:05.865] [DEBUG] cheese - null
[2018-01-24T16:28:05.872] [DEBUG] cheese - null
[2018-01-24T16:28:08.948] [DEBUG] cheese - null
[2018-01-24T16:28:08.958] [DEBUG] cheese - null
[2018-01-24T16:28:10.707] [DEBUG] cheese - null
[2018-01-24T16:28:10.713] [DEBUG] cheese - null
[2018-01-24T16:30:55.077] [DEBUG] cheese - null
[2018-01-24T16:30:55.086] [DEBUG] cheese - null
[2018-01-24T16:30:57.577] [DEBUG] cheese - null
[2018-01-24T16:30:57.583] [DEBUG] cheese - null
[2018-01-24T16:31:02.940] [DEBUG] cheese - null
[2018-01-24T16:31:02.949] [DEBUG] cheese - null
[2018-01-24T16:33:29.245] [DEBUG] cheese - null
[2018-01-24T16:33:29.251] [DEBUG] cheese - null
[2018-01-24T16:33:38.376] [DEBUG] cheese - null
[2018-01-24T16:33:38.383] [DEBUG] cheese - null
[2018-01-24T16:34:15.662] [DEBUG] cheese - null
[2018-01-24T16:34:15.670] [DEBUG] cheese - null
[2018-01-24T16:34:31.234] [DEBUG] cheese - null
[2018-01-24T16:34:31.239] [DEBUG] cheese - null
[2018-01-24T16:34:32.987] [DEBUG] cheese - null
[2018-01-24T16:34:32.993] [DEBUG] cheese - null
[2018-01-24T16:34:34.915] [DEBUG] cheese - null
[2018-01-24T16:34:34.920] [DEBUG] cheese - null
[2018-01-24T16:34:36.358] [DEBUG] cheese - null
[2018-01-24T16:34:36.365] [DEBUG] cheese - null
[2018-01-24T16:34:38.235] [DEBUG] cheese - null
[2018-01-24T16:34:38.239] [DEBUG] cheese - null
[2018-01-24T16:34:39.893] [DEBUG] cheese - null
[2018-01-24T16:34:39.906] [DEBUG] cheese - null
[2018-01-24T16:34:49.050] [DEBUG] cheese - null
[2018-01-24T16:34:49.060] [DEBUG] cheese - null
[2018-01-24T16:34:51.688] [DEBUG] cheese - null
[2018-01-24T16:34:51.695] [DEBUG] cheese - null
[2018-01-24T16:34:54.607] [DEBUG] cheese - null
[2018-01-24T16:34:54.614] [DEBUG] cheese - null
[2018-01-24T16:34:55.515] [DEBUG] cheese - null
[2018-01-24T16:34:55.523] [DEBUG] cheese - null
[2018-01-24T16:34:57.992] [DEBUG] cheese - null
[2018-01-24T16:34:57.995] [DEBUG] cheese - null
[2018-01-24T16:35:05.625] [DEBUG] cheese - null
[2018-01-24T16:35:05.633] [DEBUG] cheese - null
[2018-01-24T16:35:09.913] [DEBUG] cheese - null
[2018-01-24T16:35:09.920] [DEBUG] cheese - null
[2018-01-24T16:35:12.860] [DEBUG] cheese - null
[2018-01-24T16:35:12.867] [DEBUG] cheese - null
[2018-01-24T17:49:30.747] [DEBUG] cheese - null
[2018-01-24T17:49:30.762] [DEBUG] cheese - null
[2018-01-24T17:49:33.859] [DEBUG] cheese - null
[2018-01-24T17:49:33.867] [DEBUG] cheese - null
[2018-01-24T17:49:36.832] [DEBUG] cheese - null
[2018-01-24T17:49:36.842] [DEBUG] cheese - null
[2018-01-24T17:49:36.930] [DEBUG] cheese - null
[2018-01-24T17:49:36.935] [DEBUG] cheese - null
[2018-01-24T17:49:45.376] [DEBUG] cheese - null
[2018-01-24T17:49:45.384] [DEBUG] cheese - null
[2018-01-24T17:49:46.422] [DEBUG] cheese - null
[2018-01-24T17:49:46.430] [DEBUG] cheese - null
[2018-01-24T18:45:51.697] [DEBUG] cheese - null
[2018-01-24T18:45:51.710] [DEBUG] cheese - null
[2018-01-24T18:45:52.737] [DEBUG] cheese - null
[2018-01-24T18:45:52.740] [DEBUG] cheese - null
[2018-01-24T18:45:55.275] [DEBUG] cheese - null
[2018-01-24T18:45:55.278] [DEBUG] cheese - null
[2018-01-24T18:45:58.073] [DEBUG] cheese - null
[2018-01-24T18:45:58.085] [DEBUG] cheese - null
[2018-01-24T19:36:46.220] [DEBUG] cheese - login => username:admin1,password:123456
[2018-01-24T19:36:46.222] [DEBUG] cheese - admin1
[2018-01-24T19:36:46.313] [DEBUG] cheese - null
[2018-01-24T19:36:46.314] [DEBUG] cheese - null
[2018-01-24T19:36:47.985] [DEBUG] cheese - login => username:admin1,password:123456
[2018-01-24T19:36:47.985] [DEBUG] cheese - admin1
[2018-01-24T19:36:47.996] [DEBUG] cheese - null
[2018-01-24T19:36:47.996] [DEBUG] cheese - null
[2018-01-24T19:36:51.233] [DEBUG] cheese - null
[2018-01-24T19:36:51.251] [DEBUG] cheese - null
[2018-01-24T19:38:39.404] [DEBUG] cheese - null
[2018-01-24T19:38:39.485] [DEBUG] cheese - null
[2018-01-24T19:38:47.735] [DEBUG] cheese - null
[2018-01-24T19:38:47.747] [DEBUG] cheese - null
[2018-01-24T19:38:50.751] [DEBUG] cheese - null
[2018-01-24T19:38:50.761] [DEBUG] cheese - null
[2018-01-24T19:38:53.521] [DEBUG] cheese - null
[2018-01-24T19:38:53.529] [DEBUG] cheese - null
[2018-01-24T19:39:54.210] [DEBUG] cheese - null
[2018-01-24T19:39:54.216] [DEBUG] cheese - null
[2018-01-24T19:41:27.125] [DEBUG] cheese - login => username:admin1,password:123456
[2018-01-24T19:41:27.125] [DEBUG] cheese - admin1
[2018-01-24T19:41:27.132] [DEBUG] cheese - null
[2018-01-24T19:41:27.133] [DEBUG] cheese - null
[2018-01-24T19:41:29.773] [DEBUG] cheese - null
[2018-01-24T19:41:29.782] [DEBUG] cheese - null
[2018-01-24T19:41:32.432] [DEBUG] cheese - null
[2018-01-24T19:41:32.437] [DEBUG] cheese - null
[2018-01-24T19:41:33.067] [DEBUG] cheese - null
[2018-01-24T19:41:33.072] [DEBUG] cheese - null
[2018-01-24T19:41:35.978] [DEBUG] cheese - null
[2018-01-24T19:41:35.987] [DEBUG] cheese - null
[2018-01-24T19:41:37.944] [DEBUG] cheese - null
[2018-01-24T19:41:37.950] [DEBUG] cheese - null
[2018-01-24T19:42:02.293] [DEBUG] cheese - null
[2018-01-24T19:42:02.301] [DEBUG] cheese - null
[2018-01-24T19:42:12.940] [DEBUG] cheese - null
[2018-01-24T19:42:12.947] [DEBUG] cheese - null
[2018-01-24T19:43:34.798] [DEBUG] cheese - null
[2018-01-24T19:43:34.804] [DEBUG] cheese - null
[2018-01-24T19:44:06.355] [DEBUG] cheese - null
[2018-01-24T19:44:06.361] [DEBUG] cheese - null
[2018-01-24T19:46:20.941] [DEBUG] cheese - null
[2018-01-24T19:46:20.948] [DEBUG] cheese - null
[2018-01-24T19:47:31.306] [DEBUG] cheese - null
[2018-01-24T19:47:31.329] [DEBUG] cheese - null
[2018-01-24T19:48:17.099] [DEBUG] cheese - null
[2018-01-24T19:48:17.107] [DEBUG] cheese - null
[2018-01-24T19:51:52.330] [DEBUG] cheese - null
[2018-01-24T19:51:52.343] [DEBUG] cheese - null
[2018-01-24T19:51:56.475] [DEBUG] cheese - null
[2018-01-24T19:51:56.483] [DEBUG] cheese - null
[2018-01-24T19:52:35.335] [DEBUG] cheese - null
[2018-01-24T19:52:35.343] [DEBUG] cheese - null
[2018-01-24T19:52:42.126] [DEBUG] cheese - null
[2018-01-24T19:52:42.217] [DEBUG] cheese - null
[2018-01-24T19:57:48.687] [DEBUG] cheese - null
[2018-01-24T19:57:48.695] [DEBUG] cheese - null
[2018-01-24T19:57:53.660] [DEBUG] cheese - null
[2018-01-24T19:57:53.669] [DEBUG] cheese - null
[2018-01-24T19:58:55.558] [DEBUG] cheese - null
[2018-01-24T19:58:55.563] [DEBUG] cheese - null
[2018-01-24T20:00:20.126] [DEBUG] cheese - null
[2018-01-24T20:00:20.132] [DEBUG] cheese - null
[2018-01-24T20:01:24.701] [DEBUG] cheese - null
[2018-01-24T20:01:24.708] [DEBUG] cheese - null
[2018-01-24T20:01:28.051] [DEBUG] cheese - null
[2018-01-24T20:01:28.063] [DEBUG] cheese - null
[2018-01-24T20:04:07.458] [DEBUG] cheese - null
[2018-01-24T20:04:07.469] [DEBUG] cheese - null
[2018-01-24T20:05:45.477] [DEBUG] cheese - null
[2018-01-24T20:05:45.487] [DEBUG] cheese - null
[2018-01-24T20:05:48.294] [DEBUG] cheese - null
[2018-01-24T20:05:48.300] [DEBUG] cheese - null
[2018-01-24T20:06:24.939] [DEBUG] cheese - null
[2018-01-24T20:06:24.945] [DEBUG] cheese - null
[2018-01-24T20:08:51.942] [DEBUG] cheese - null
[2018-01-24T20:08:51.958] [DEBUG] cheese - null
[2018-01-24T20:08:53.899] [DEBUG] cheese - null
[2018-01-24T20:08:53.905] [DEBUG] cheese - null
[2018-01-24T20:08:54.519] [DEBUG] cheese - null
[2018-01-24T20:08:54.525] [DEBUG] cheese - null
[2018-01-24T20:08:56.214] [DEBUG] cheese - null
[2018-01-24T20:08:56.220] [DEBUG] cheese - null
[2018-01-24T20:15:36.018] [DEBUG] cheese - null
[2018-01-24T20:15:36.024] [DEBUG] cheese - null
[2018-01-24T20:15:39.076] [DEBUG] cheese - null
[2018-01-24T20:15:39.083] [DEBUG] cheese - null
[2018-01-24T20:15:50.428] [DEBUG] cheese - null
[2018-01-24T20:15:50.437] [DEBUG] cheese - null
[2018-01-24T20:15:54.330] [DEBUG] cheese - null
[2018-01-24T20:15:54.340] [DEBUG] cheese - null
[2018-01-24T20:16:40.027] [DEBUG] cheese - null
[2018-01-24T20:16:40.033] [DEBUG] cheese - null
[2018-01-24T20:17:14.640] [DEBUG] cheese - null
[2018-01-24T20:17:14.650] [DEBUG] cheese - null
[2018-01-24T20:17:17.349] [DEBUG] cheese - null
[2018-01-24T20:17:17.355] [DEBUG] cheese - null
[2018-01-24T20:17:53.680] [DEBUG] cheese - null
[2018-01-24T20:17:53.688] [DEBUG] cheese - null
[2018-01-24T20:19:39.286] [DEBUG] cheese - null
[2018-01-24T20:19:39.295] [DEBUG] cheese - null
[2018-01-24T20:19:40.527] [DEBUG] cheese - null
[2018-01-24T20:19:40.537] [DEBUG] cheese - null
[2018-01-24T20:20:30.300] [DEBUG] cheese - null
[2018-01-24T20:20:30.307] [DEBUG] cheese - null
[2018-01-24T20:22:49.905] [DEBUG] cheese - null
[2018-01-24T20:22:49.913] [DEBUG] cheese - null
[2018-01-24T20:23:07.689] [DEBUG] cheese - null
[2018-01-24T20:23:07.697] [DEBUG] cheese - null
[2018-01-24T20:23:08.910] [DEBUG] cheese - null
[2018-01-24T20:23:08.918] [DEBUG] cheese - null
[2018-01-24T20:23:10.145] [DEBUG] cheese - null
[2018-01-24T20:23:10.149] [DEBUG] cheese - null
[2018-01-24T20:23:15.938] [DEBUG] cheese - null
[2018-01-24T20:23:15.941] [DEBUG] cheese - null
[2018-01-24T20:26:03.934] [DEBUG] cheese - null
[2018-01-24T20:26:03.941] [DEBUG] cheese - null
[2018-01-24T20:26:10.612] [DEBUG] cheese - null
[2018-01-24T20:26:10.620] [DEBUG] cheese - null
[2018-01-24T20:26:18.846] [DEBUG] cheese - null
[2018-01-24T20:26:18.852] [DEBUG] cheese - null
[2018-01-24T20:26:30.776] [DEBUG] cheese - null
[2018-01-24T20:26:30.784] [DEBUG] cheese - null
[2018-01-24T20:26:32.862] [DEBUG] cheese - null
[2018-01-24T20:26:32.868] [DEBUG] cheese - null
[2018-01-24T20:26:35.355] [DEBUG] cheese - null
[2018-01-24T20:26:35.362] [DEBUG] cheese - null
[2018-01-24T20:26:38.110] [DEBUG] cheese - null
[2018-01-24T20:26:38.112] [DEBUG] cheese - null
[2018-01-24T20:26:40.682] [DEBUG] cheese - null
[2018-01-24T20:26:40.693] [DEBUG] cheese - null
[2018-01-24T20:29:06.137] [DEBUG] cheese - null
[2018-01-24T20:29:06.144] [DEBUG] cheese - null
[2018-01-24T20:29:09.042] [DEBUG] cheese - null
[2018-01-24T20:29:09.051] [DEBUG] cheese - null
[2018-01-24T20:29:30.398] [DEBUG] cheese - null
[2018-01-24T20:29:30.408] [DEBUG] cheese - null
[2018-01-24T20:29:32.658] [DEBUG] cheese - null
[2018-01-24T20:29:32.663] [DEBUG] cheese - null
[2018-01-24T20:35:12.273] [DEBUG] cheese - null
[2018-01-24T20:35:12.280] [DEBUG] cheese - null
[2018-01-24T20:35:19.575] [DEBUG] cheese - null
[2018-01-24T20:35:19.586] [DEBUG] cheese - null
[2018-01-24T20:35:21.989] [DEBUG] cheese - null
[2018-01-24T20:35:21.996] [DEBUG] cheese - null
[2018-01-24T20:35:30.046] [DEBUG] cheese - null
[2018-01-24T20:35:30.052] [DEBUG] cheese - null
[2018-01-24T20:39:28.144] [DEBUG] cheese - null
[2018-01-24T20:39:28.152] [DEBUG] cheese - null
[2018-01-24T20:39:48.121] [DEBUG] cheese - null
[2018-01-24T20:39:48.128] [DEBUG] cheese - null
[2018-01-24T20:41:08.539] [DEBUG] cheese - null
[2018-01-24T20:41:08.547] [DEBUG] cheese - null
[2018-01-24T20:41:13.455] [DEBUG] cheese - null
[2018-01-24T20:41:13.467] [DEBUG] cheese - null
[2018-01-24T20:41:20.717] [DEBUG] cheese - null
[2018-01-24T20:41:20.723] [DEBUG] cheese - null
[2018-01-24T20:41:27.427] [DEBUG] cheese - null
[2018-01-24T20:41:27.434] [DEBUG] cheese - null
[2018-01-24T20:44:43.677] [DEBUG] cheese - null
[2018-01-24T20:44:43.684] [DEBUG] cheese - null
[2018-01-24T20:44:46.670] [DEBUG] cheese - null
[2018-01-24T20:44:46.683] [DEBUG] cheese - null
[2018-01-24T20:53:55.509] [DEBUG] cheese - null
[2018-01-24T20:53:55.520] [DEBUG] cheese - null
[2018-01-24T20:53:56.530] [DEBUG] cheese - null
[2018-01-24T20:53:56.536] [DEBUG] cheese - null
[2018-01-24T20:53:58.263] [DEBUG] cheese - null
[2018-01-24T20:53:58.271] [DEBUG] cheese - null
[2018-01-24T20:54:00.181] [DEBUG] cheese - null
[2018-01-24T20:54:00.188] [DEBUG] cheese - null
[2018-01-24T20:54:01.438] [DEBUG] cheese - null
[2018-01-24T20:54:01.441] [DEBUG] cheese - null
[2018-01-24T20:54:37.631] [DEBUG] cheese - null
[2018-01-24T20:54:37.638] [DEBUG] cheese - null
[2018-01-24T20:54:45.392] [DEBUG] cheese - null
[2018-01-24T20:54:45.433] [DEBUG] cheese - null
[2018-01-24T20:54:59.278] [DEBUG] cheese - null
[2018-01-24T20:54:59.285] [DEBUG] cheese - null
[2018-01-24T20:55:13.964] [DEBUG] cheese - null
[2018-01-24T20:55:13.975] [DEBUG] cheese - null
[2018-01-24T20:55:30.704] [DEBUG] cheese - null
[2018-01-24T20:55:30.720] [DEBUG] cheese - null
[2018-01-24T20:55:32.881] [DEBUG] cheese - null
[2018-01-24T20:55:32.885] [DEBUG] cheese - null
[2018-01-24T20:56:03.700] [DEBUG] cheese - null
[2018-01-24T20:56:03.710] [DEBUG] cheese - null
[2018-01-24T20:56:07.174] [DEBUG] cheese - null
[2018-01-24T20:56:07.182] [DEBUG] cheese - null
[2018-01-24T20:56:10.600] [DEBUG] cheese - null
[2018-01-24T20:56:10.607] [DEBUG] cheese - null
[2018-01-24T20:57:13.557] [DEBUG] cheese - null
[2018-01-24T20:57:13.596] [DEBUG] cheese - null
[2018-01-24T20:57:30.700] [DEBUG] cheese - null
[2018-01-24T20:57:30.762] [DEBUG] cheese - null
[2018-01-24T21:00:19.527] [DEBUG] cheese - null
[2018-01-24T21:00:19.556] [DEBUG] cheese - null
[2018-01-24T21:00:21.474] [DEBUG] cheese - null
[2018-01-24T21:00:21.479] [DEBUG] cheese - null
[2018-01-24T21:00:26.215] [DEBUG] cheese - null
[2018-01-24T21:00:26.220] [DEBUG] cheese - null
[2018-01-24T21:00:26.357] [DEBUG] cheese - null
[2018-01-24T21:00:26.361] [DEBUG] cheese - null
[2018-01-24T21:00:31.590] [DEBUG] cheese - null
[2018-01-24T21:00:31.597] [DEBUG] cheese - null
[2018-01-24T21:00:42.498] [DEBUG] cheese - null
[2018-01-24T21:00:42.506] [DEBUG] cheese - null
[2018-01-24T21:00:42.605] [DEBUG] cheese - null
[2018-01-24T21:00:42.612] [DEBUG] cheese - null
[2018-01-24T21:00:47.132] [DEBUG] cheese - null
[2018-01-24T21:00:47.137] [DEBUG] cheese - null
[2018-01-24T21:01:05.261] [DEBUG] cheese - null
[2018-01-24T21:01:05.267] [DEBUG] cheese - null
[2018-01-24T21:01:39.924] [DEBUG] cheese - null
[2018-01-24T21:01:39.930] [DEBUG] cheese - null
[2018-01-24T21:01:59.685] [DEBUG] cheese - null
[2018-01-24T21:01:59.693] [DEBUG] cheese - null
[2018-01-24T21:02:49.114] [DEBUG] cheese - null
[2018-01-24T21:02:49.123] [DEBUG] cheese - null
[2018-01-24T21:03:43.397] [DEBUG] cheese - null
[2018-01-24T21:03:43.407] [DEBUG] cheese - null
[2018-01-24T21:06:56.815] [DEBUG] cheese - null
[2018-01-24T21:06:56.823] [DEBUG] cheese - null
[2018-01-24T21:07:05.460] [DEBUG] cheese - null
[2018-01-24T21:07:05.477] [DEBUG] cheese - null
[2018-01-24T21:07:31.159] [DEBUG] cheese - null
[2018-01-24T21:07:31.169] [DEBUG] cheese - null
[2018-01-24T21:09:47.627] [DEBUG] cheese - null
[2018-01-24T21:09:47.634] [DEBUG] cheese - null
[2018-01-24T21:09:53.845] [DEBUG] cheese - null
[2018-01-24T21:09:53.852] [DEBUG] cheese - null
[2018-01-24T21:10:08.507] [DEBUG] cheese - null
[2018-01-24T21:10:08.513] [DEBUG] cheese - null
[2018-01-24T21:12:05.131] [DEBUG] cheese - null
[2018-01-24T21:12:05.139] [DEBUG] cheese - null
[2018-01-24T21:12:19.501] [DEBUG] cheese - null
[2018-01-24T21:12:19.508] [DEBUG] cheese - null
[2018-01-24T21:12:26.541] [DEBUG] cheese - null
[2018-01-24T21:12:26.550] [DEBUG] cheese - null
[2018-01-24T21:12:29.956] [DEBUG] cheese - null
[2018-01-24T21:12:29.963] [DEBUG] cheese - null
[2018-01-24T21:12:34.451] [DEBUG] cheese - null
[2018-01-24T21:12:34.460] [DEBUG] cheese - null
[2018-01-24T21:14:40.217] [DEBUG] cheese - null
[2018-01-24T21:14:40.223] [DEBUG] cheese - null
[2018-01-24T21:14:44.556] [DEBUG] cheese - null
[2018-01-24T21:14:44.565] [DEBUG] cheese - null
[2018-01-24T21:14:46.794] [DEBUG] cheese - null
[2018-01-24T21:14:46.800] [DEBUG] cheese - null
[2018-01-24T21:14:59.115] [DEBUG] cheese - null
[2018-01-24T21:14:59.123] [DEBUG] cheese - null
[2018-01-24T21:15:36.168] [DEBUG] cheese - null
[2018-01-24T21:15:36.179] [DEBUG] cheese - null
[2018-01-24T21:15:40.184] [DEBUG] cheese - null
[2018-01-24T21:15:40.191] [DEBUG] cheese - null
[2018-01-24T21:15:51.464] [DEBUG] cheese - null
[2018-01-24T21:15:51.471] [DEBUG] cheese - null
[2018-01-24T21:17:37.535] [DEBUG] cheese - null
[2018-01-24T21:17:37.542] [DEBUG] cheese - null
[2018-01-24T21:17:41.674] [DEBUG] cheese - null
[2018-01-24T21:17:41.687] [DEBUG] cheese - null
[2018-01-24T21:17:46.037] [DEBUG] cheese - null
[2018-01-24T21:17:46.043] [DEBUG] cheese - null
[2018-01-24T21:18:05.230] [DEBUG] cheese - null
[2018-01-24T21:18:05.240] [DEBUG] cheese - null
[2018-01-24T21:18:07.932] [DEBUG] cheese - null
[2018-01-24T21:18:07.937] [DEBUG] cheese - null
[2018-01-24T21:18:09.692] [DEBUG] cheese - null
[2018-01-24T21:18:09.714] [DEBUG] cheese - null
[2018-01-24T21:18:12.582] [DEBUG] cheese - null
[2018-01-24T21:18:12.591] [DEBUG] cheese - null
[2018-01-24T21:18:42.279] [DEBUG] cheese - null
[2018-01-24T21:18:42.285] [DEBUG] cheese - null
[2018-01-24T21:19:08.176] [DEBUG] cheese - null
[2018-01-24T21:19:08.184] [DEBUG] cheese - null
[2018-01-24T21:19:11.049] [DEBUG] cheese - null
[2018-01-24T21:19:11.057] [DEBUG] cheese - null
[2018-01-24T21:20:38.845] [DEBUG] cheese - null
[2018-01-24T21:20:38.853] [DEBUG] cheese - null
[2018-01-24T21:20:40.065] [DEBUG] cheese - null
[2018-01-24T21:20:40.077] [DEBUG] cheese - null
[2018-01-24T21:20:44.185] [DEBUG] cheese - null
[2018-01-24T21:20:44.190] [DEBUG] cheese - null
[2018-01-24T21:20:45.760] [DEBUG] cheese - null
[2018-01-24T21:20:45.774] [DEBUG] cheese - null
[2018-01-24T21:20:52.033] [DEBUG] cheese - null
[2018-01-24T21:20:52.036] [DEBUG] cheese - null
[2018-01-24T21:21:54.149] [DEBUG] cheese - null
[2018-01-24T21:21:54.157] [DEBUG] cheese - null
[2018-01-24T21:21:56.870] [DEBUG] cheese - null
[2018-01-24T21:21:56.875] [DEBUG] cheese - null
[2018-01-24T21:22:01.652] [DEBUG] cheese - null
[2018-01-24T21:22:01.658] [DEBUG] cheese - null
[2018-01-24T21:23:33.736] [DEBUG] cheese - null
[2018-01-24T21:23:33.748] [DEBUG] cheese - null
[2018-01-24T21:23:34.885] [DEBUG] cheese - null
[2018-01-24T21:23:34.894] [DEBUG] cheese - null
[2018-01-24T21:23:38.022] [DEBUG] cheese - null
[2018-01-24T21:23:38.025] [DEBUG] cheese - null
[2018-01-24T21:24:03.696] [DEBUG] cheese - null
[2018-01-24T21:24:03.699] [DEBUG] cheese - null
[2018-01-24T21:24:13.894] [DEBUG] cheese - null
[2018-01-24T21:24:13.901] [DEBUG] cheese - null
[2018-01-24T21:24:13.997] [DEBUG] cheese - null
[2018-01-24T21:24:14.004] [DEBUG] cheese - null
[2018-01-24T21:24:34.776] [DEBUG] cheese - null
[2018-01-24T21:24:34.785] [DEBUG] cheese - null
[2018-01-24T21:24:37.434] [DEBUG] cheese - null
[2018-01-24T21:24:37.440] [DEBUG] cheese - null
[2018-01-24T21:24:44.335] [DEBUG] cheese - null
[2018-01-24T21:24:44.344] [DEBUG] cheese - null
[2018-01-24T21:25:02.171] [DEBUG] cheese - null
[2018-01-24T21:25:02.193] [DEBUG] cheese - null
[2018-01-24T21:25:08.056] [DEBUG] cheese - null
[2018-01-24T21:25:08.077] [DEBUG] cheese - null
[2018-01-24T21:25:55.975] [DEBUG] cheese - null
[2018-01-24T21:25:55.982] [DEBUG] cheese - null
[2018-01-24T21:26:04.458] [DEBUG] cheese - null
[2018-01-24T21:26:04.464] [DEBUG] cheese - null
[2018-01-24T21:26:08.429] [DEBUG] cheese - null
[2018-01-24T21:26:08.435] [DEBUG] cheese - null
[2018-01-24T21:26:16.089] [DEBUG] cheese - null
[2018-01-24T21:26:16.098] [DEBUG] cheese - null
[2018-01-24T21:26:16.177] [DEBUG] cheese - null
[2018-01-24T21:26:16.186] [DEBUG] cheese - null
[2018-01-24T21:26:28.057] [DEBUG] cheese - null
[2018-01-24T21:26:28.063] [DEBUG] cheese - null
[2018-01-24T21:26:31.344] [DEBUG] cheese - null
[2018-01-24T21:26:31.349] [DEBUG] cheese - null
[2018-01-24T21:26:39.620] [DEBUG] cheese - null
[2018-01-24T21:26:39.627] [DEBUG] cheese - null
[2018-01-24T21:26:39.704] [DEBUG] cheese - null
[2018-01-24T21:26:39.711] [DEBUG] cheese - null
[2018-01-24T21:27:36.086] [DEBUG] cheese - null
[2018-01-24T21:27:36.093] [DEBUG] cheese - null
[2018-01-24T21:27:38.109] [DEBUG] cheese - null
[2018-01-24T21:27:38.114] [DEBUG] cheese - null
[2018-01-24T21:27:44.180] [DEBUG] cheese - null
[2018-01-24T21:27:44.188] [DEBUG] cheese - null
[2018-01-24T21:27:44.299] [DEBUG] cheese - null
[2018-01-24T21:27:44.302] [DEBUG] cheese - null
[2018-01-24T21:27:48.016] [DEBUG] cheese - null
[2018-01-24T21:27:48.022] [DEBUG] cheese - null
[2018-01-24T21:27:54.555] [DEBUG] cheese - null
[2018-01-24T21:27:54.562] [DEBUG] cheese - null
[2018-01-24T21:27:58.359] [DEBUG] cheese - null
[2018-01-24T21:27:58.364] [DEBUG] cheese - null
[2018-01-24T21:28:01.009] [DEBUG] cheese - null
[2018-01-24T21:28:01.018] [DEBUG] cheese - null
[2018-01-24T21:29:00.205] [DEBUG] cheese - null
[2018-01-24T21:29:00.214] [DEBUG] cheese - null
[2018-01-24T21:29:02.707] [DEBUG] cheese - null
[2018-01-24T21:29:02.718] [DEBUG] cheese - null
[2018-01-24T21:29:04.802] [DEBUG] cheese - null
[2018-01-24T21:29:04.808] [DEBUG] cheese - null
[2018-01-24T21:29:09.107] [DEBUG] cheese - null
[2018-01-24T21:29:09.110] [DEBUG] cheese - null
[2018-01-24T21:29:09.192] [DEBUG] cheese - null
[2018-01-24T21:29:09.198] [DEBUG] cheese - null
[2018-01-24T21:29:10.549] [DEBUG] cheese - null
[2018-01-24T21:29:10.554] [DEBUG] cheese - null
[2018-01-24T21:30:04.280] [DEBUG] cheese - null
[2018-01-24T21:30:04.290] [DEBUG] cheese - null
[2018-01-24T21:30:05.533] [DEBUG] cheese - null
[2018-01-24T21:30:05.539] [DEBUG] cheese - null
[2018-01-24T21:30:09.633] [DEBUG] cheese - null
[2018-01-24T21:30:09.639] [DEBUG] cheese - null
[2018-01-24T21:30:09.711] [DEBUG] cheese - null
[2018-01-24T21:30:09.717] [DEBUG] cheese - null
[2018-01-24T21:30:10.701] [DEBUG] cheese - null
[2018-01-24T21:30:10.705] [DEBUG] cheese - null
[2018-01-24T21:31:18.493] [DEBUG] cheese - null
[2018-01-24T21:31:18.501] [DEBUG] cheese - null
[2018-01-24T21:31:21.296] [DEBUG] cheese - null
[2018-01-24T21:31:21.303] [DEBUG] cheese - null
[2018-01-24T21:31:23.203] [DEBUG] cheese - null
[2018-01-24T21:31:23.210] [DEBUG] cheese - null
[2018-01-24T21:31:43.588] [DEBUG] cheese - null
[2018-01-24T21:31:43.595] [DEBUG] cheese - null
[2018-01-24T21:31:57.875] [DEBUG] cheese - null
[2018-01-24T21:31:57.882] [DEBUG] cheese - null
[2018-01-24T21:32:57.175] [DEBUG] cheese - null
[2018-01-24T21:32:57.181] [DEBUG] cheese - null
[2018-01-24T21:33:00.554] [DEBUG] cheese - null
[2018-01-24T21:33:00.560] [DEBUG] cheese - null
[2018-01-24T21:33:03.415] [DEBUG] cheese - null
[2018-01-24T21:33:03.421] [DEBUG] cheese - null
[2018-01-24T21:33:03.510] [DEBUG] cheese - null
[2018-01-24T21:33:03.519] [DEBUG] cheese - null
[2018-01-24T21:33:04.685] [DEBUG] cheese - null
[2018-01-24T21:33:04.691] [DEBUG] cheese - null
[2018-01-24T21:33:32.147] [DEBUG] cheese - null
[2018-01-24T21:33:32.151] [DEBUG] cheese - null
[2018-01-24T21:33:39.818] [DEBUG] cheese - null
[2018-01-24T21:33:39.825] [DEBUG] cheese - null
[2018-01-24T21:33:44.573] [DEBUG] cheese - null
[2018-01-24T21:33:44.581] [DEBUG] cheese - null
[2018-01-24T21:33:44.633] [DEBUG] cheese - null
[2018-01-24T21:33:44.640] [DEBUG] cheese - null
[2018-01-24T21:33:46.918] [DEBUG] cheese - null
[2018-01-24T21:33:46.923] [DEBUG] cheese - null
[2018-01-24T21:37:00.527] [DEBUG] cheese - null
[2018-01-24T21:37:00.537] [DEBUG] cheese - null
[2018-01-24T21:37:19.512] [DEBUG] cheese - null
[2018-01-24T21:37:19.519] [DEBUG] cheese - null
[2018-01-24T21:38:18.475] [DEBUG] cheese - null
[2018-01-24T21:38:18.482] [DEBUG] cheese - null
[2018-01-24T21:38:20.140] [DEBUG] cheese - null
[2018-01-24T21:38:20.149] [DEBUG] cheese - null
[2018-01-24T21:38:36.093] [DEBUG] cheese - null
[2018-01-24T21:38:36.096] [DEBUG] cheese - null
[2018-01-24T21:39:49.441] [DEBUG] cheese - null
[2018-01-24T21:39:49.449] [DEBUG] cheese - null
[2018-01-24T21:39:51.521] [DEBUG] cheese - null
[2018-01-24T21:39:51.527] [DEBUG] cheese - null
[2018-01-24T21:40:05.239] [DEBUG] cheese - null
[2018-01-24T21:40:05.242] [DEBUG] cheese - null
[2018-01-24T21:40:56.412] [DEBUG] cheese - null
[2018-01-24T21:40:56.420] [DEBUG] cheese - null
[2018-01-24T21:40:56.877] [DEBUG] cheese - null
[2018-01-24T21:40:56.889] [DEBUG] cheese - null
[2018-01-24T21:41:34.754] [DEBUG] cheese - null
[2018-01-24T21:41:34.767] [DEBUG] cheese - null
[2018-01-24T21:41:36.150] [DEBUG] cheese - null
[2018-01-24T21:41:36.155] [DEBUG] cheese - null
[2018-01-24T21:41:36.591] [DEBUG] cheese - null
[2018-01-24T21:41:36.594] [DEBUG] cheese - null
[2018-01-24T21:43:21.181] [DEBUG] cheese - null
[2018-01-24T21:43:21.186] [DEBUG] cheese - null
[2018-01-24T21:43:58.652] [DEBUG] cheese - null
[2018-01-24T21:43:58.661] [DEBUG] cheese - null
[2018-01-24T21:44:50.554] [DEBUG] cheese - null
[2018-01-24T21:44:50.567] [DEBUG] cheese - null
[2018-01-24T21:44:59.981] [DEBUG] cheese - null
[2018-01-24T21:44:59.990] [DEBUG] cheese - null
[2018-01-24T21:45:43.161] [DEBUG] cheese - null
[2018-01-24T21:45:43.168] [DEBUG] cheese - null
[2018-01-24T21:45:46.433] [DEBUG] cheese - null
[2018-01-24T21:45:46.440] [DEBUG] cheese - null
[2018-01-24T21:46:18.001] [DEBUG] cheese - null
[2018-01-24T21:46:18.011] [DEBUG] cheese - null
[2018-01-24T21:47:42.478] [DEBUG] cheese - null
[2018-01-24T21:47:42.485] [DEBUG] cheese - null
[2018-01-24T21:49:36.478] [DEBUG] cheese - null
[2018-01-24T21:49:36.485] [DEBUG] cheese - null
[2018-01-24T21:49:40.912] [DEBUG] cheese - null
[2018-01-24T21:49:40.918] [DEBUG] cheese - null
[2018-01-24T21:50:16.864] [DEBUG] cheese - null
[2018-01-24T21:50:16.877] [DEBUG] cheese - null
[2018-01-24T21:50:47.864] [DEBUG] cheese - null
[2018-01-24T21:50:47.873] [DEBUG] cheese - null
[2018-01-24T21:50:50.913] [DEBUG] cheese - null
[2018-01-24T21:50:50.919] [DEBUG] cheese - null
[2018-01-24T21:51:58.094] [DEBUG] cheese - null
[2018-01-24T21:51:58.101] [DEBUG] cheese - null
[2018-01-24T21:52:01.329] [DEBUG] cheese - null
[2018-01-24T21:52:01.341] [DEBUG] cheese - null
[2018-01-24T21:52:04.848] [DEBUG] cheese - null
[2018-01-24T21:52:04.855] [DEBUG] cheese - null
[2018-01-24T21:52:05.261] [DEBUG] cheese - null
[2018-01-24T21:52:05.270] [DEBUG] cheese - null
[2018-01-24T21:52:08.445] [DEBUG] cheese - null
[2018-01-24T21:52:08.452] [DEBUG] cheese - null
[2018-01-24T21:52:08.861] [DEBUG] cheese - null
[2018-01-24T21:52:08.867] [DEBUG] cheese - null
[2018-01-24T21:52:15.768] [DEBUG] cheese - null
[2018-01-24T21:52:15.775] [DEBUG] cheese - null
[2018-01-24T21:52:16.155] [DEBUG] cheese - null
[2018-01-24T21:52:16.160] [DEBUG] cheese - null
[2018-01-24T21:55:53.983] [DEBUG] cheese - null
[2018-01-24T21:55:53.991] [DEBUG] cheese - null
[2018-01-24T21:56:26.040] [DEBUG] cheese - null
[2018-01-24T21:56:26.049] [DEBUG] cheese - null
[2018-01-24T21:56:31.925] [DEBUG] cheese - null
[2018-01-24T21:56:31.933] [DEBUG] cheese - null
[2018-01-24T21:57:34.712] [DEBUG] cheese - null
[2018-01-24T21:57:34.717] [DEBUG] cheese - null
[2018-01-24T21:57:39.411] [DEBUG] cheese - null
[2018-01-24T21:57:39.421] [DEBUG] cheese - null
[2018-01-24T22:02:26.235] [DEBUG] cheese - null
[2018-01-24T22:02:26.243] [DEBUG] cheese - null
[2018-01-24T22:03:33.599] [DEBUG] cheese - null
[2018-01-24T22:03:33.607] [DEBUG] cheese - null
[2018-01-24T22:04:16.159] [DEBUG] cheese - null
[2018-01-24T22:04:16.167] [DEBUG] cheese - null
[2018-01-24T22:04:39.317] [DEBUG] cheese - null
[2018-01-24T22:04:39.327] [DEBUG] cheese - null
[2018-01-24T22:04:55.215] [DEBUG] cheese - null
[2018-01-24T22:04:55.223] [DEBUG] cheese - null
[2018-01-24T22:07:14.372] [DEBUG] cheese - null
[2018-01-24T22:07:14.381] [DEBUG] cheese - null
[2018-01-24T22:09:23.952] [DEBUG] cheese - null
[2018-01-24T22:09:23.958] [DEBUG] cheese - null
[2018-01-24T22:09:38.410] [DEBUG] cheese - null
[2018-01-24T22:09:38.426] [DEBUG] cheese - null
[2018-01-25T16:50:42.599] [DEBUG] cheese - login => username:admin1,password:123456
[2018-01-25T16:50:42.601] [DEBUG] cheese - admin1
[2018-01-25T16:50:42.909] [DEBUG] cheese - null
[2018-01-25T16:50:42.910] [DEBUG] cheese - null
[2018-01-25T16:50:44.372] [DEBUG] cheese - login => username:admin1,password:123456
[2018-01-25T16:50:44.372] [DEBUG] cheese - admin1
[2018-01-25T16:50:44.389] [DEBUG] cheese - null
[2018-01-25T16:50:44.389] [DEBUG] cheese - null
[2018-01-25T16:51:00.704] [DEBUG] cheese - login => username:admin1,password:123456
[2018-01-25T16:51:00.704] [DEBUG] cheese - admin1
[2018-01-25T16:51:00.713] [DEBUG] cheese - null
[2018-01-25T16:51:00.713] [DEBUG] cheese - null
[2018-01-25T16:51:03.040] [DEBUG] cheese - null
[2018-01-25T16:51:03.049] [DEBUG] cheese - null
[2018-01-25T16:51:05.657] [DEBUG] cheese - null
[2018-01-25T16:51:05.661] [DEBUG] cheese - null
[2018-01-25T16:51:06.471] [DEBUG] cheese - null
[2018-01-25T16:51:06.479] [DEBUG] cheese - null
[2018-01-25T16:51:07.328] [DEBUG] cheese - null
[2018-01-25T16:51:07.334] [DEBUG] cheese - null
[2018-01-25T16:51:11.691] [DEBUG] cheese - null
[2018-01-25T16:51:11.699] [DEBUG] cheese - null
[2018-01-25T16:51:13.772] [DEBUG] cheese - null
[2018-01-25T16:51:13.781] [DEBUG] cheese - null
[2018-01-25T17:00:23.563] [DEBUG] cheese - null
[2018-01-25T17:00:23.569] [DEBUG] cheese - null
[2018-01-25T17:00:24.728] [DEBUG] cheese - null
[2018-01-25T17:00:24.735] [DEBUG] cheese - null
[2018-01-25T17:00:28.855] [DEBUG] cheese - null
[2018-01-25T17:00:28.860] [DEBUG] cheese - null
[2018-01-25T17:01:05.254] [DEBUG] cheese - null
[2018-01-25T17:01:05.261] [DEBUG] cheese - null
[2018-01-25T17:01:06.115] [DEBUG] cheese - null
[2018-01-25T17:01:06.120] [DEBUG] cheese - null
[2018-01-25T17:01:08.499] [DEBUG] cheese - null
[2018-01-25T17:01:08.504] [DEBUG] cheese - null
[2018-01-25T17:01:15.543] [DEBUG] cheese - null
[2018-01-25T17:01:15.549] [DEBUG] cheese - null
[2018-01-25T17:01:25.116] [DEBUG] cheese - null
[2018-01-25T17:01:25.124] [DEBUG] cheese - null
[2018-01-25T17:01:33.545] [DEBUG] cheese - null
[2018-01-25T17:01:33.556] [DEBUG] cheese - null
[2018-01-25T17:01:33.738] [DEBUG] cheese - null
[2018-01-25T17:01:33.745] [DEBUG] cheese - null
[2018-01-25T17:01:36.428] [DEBUG] cheese - null
[2018-01-25T17:01:36.434] [DEBUG] cheese - null
[2018-01-25T17:01:41.723] [DEBUG] cheese - null
[2018-01-25T17:01:41.733] [DEBUG] cheese - null
[2018-01-25T17:04:21.428] [DEBUG] cheese - null
[2018-01-25T17:04:21.434] [DEBUG] cheese - null
[2018-01-25T17:04:24.491] [DEBUG] cheese - null
[2018-01-25T17:04:24.504] [DEBUG] cheese - null
[2018-01-25T17:05:12.811] [DEBUG] cheese - null
[2018-01-25T17:05:12.819] [DEBUG] cheese - null
[2018-01-25T17:05:16.959] [DEBUG] cheese - null
[2018-01-25T17:05:16.967] [DEBUG] cheese - null
[2018-01-25T17:05:26.660] [DEBUG] cheese - null
[2018-01-25T17:05:26.708] [DEBUG] cheese - null
[2018-01-25T17:05:33.331] [DEBUG] cheese - null
[2018-01-25T17:05:33.340] [DEBUG] cheese - null
[2018-01-25T17:06:19.981] [DEBUG] cheese - null
[2018-01-25T17:06:19.989] [DEBUG] cheese - null
[2018-01-25T17:06:24.981] [DEBUG] cheese - null
[2018-01-25T17:06:24.988] [DEBUG] cheese - null
[2018-01-25T17:09:12.806] [DEBUG] cheese - null
[2018-01-25T17:09:12.812] [DEBUG] cheese - null
[2018-01-25T17:09:17.504] [DEBUG] cheese - null
[2018-01-25T17:09:17.511] [DEBUG] cheese - null
[2018-01-25T17:09:20.887] [DEBUG] cheese - null
[2018-01-25T17:09:20.895] [DEBUG] cheese - null
[2018-01-25T17:09:31.667] [DEBUG] cheese - null
[2018-01-25T17:09:31.676] [DEBUG] cheese - null
[2018-01-25T17:09:59.687] [DEBUG] cheese - null
[2018-01-25T17:09:59.697] [DEBUG] cheese - null
[2018-01-25T17:11:43.346] [DEBUG] cheese - null
[2018-01-25T17:11:43.361] [DEBUG] cheese - null
[2018-01-25T17:11:46.110] [DEBUG] cheese - null
[2018-01-25T17:11:46.115] [DEBUG] cheese - null
[2018-01-25T17:11:47.907] [DEBUG] cheese - null
[2018-01-25T17:11:47.914] [DEBUG] cheese - null
[2018-01-25T17:11:49.549] [DEBUG] cheese - null
[2018-01-25T17:11:49.558] [DEBUG] cheese - null
[2018-01-25T17:11:52.263] [DEBUG] cheese - null
[2018-01-25T17:11:52.272] [DEBUG] cheese - null
[2018-01-25T17:11:53.970] [DEBUG] cheese - null
[2018-01-25T17:11:53.973] [DEBUG] cheese - null
[2018-01-25T17:13:06.813] [DEBUG] cheese - null
[2018-01-25T17:13:06.823] [DEBUG] cheese - null
[2018-01-25T17:13:09.523] [DEBUG] cheese - null
[2018-01-25T17:13:09.533] [DEBUG] cheese - null
[2018-01-25T17:13:36.972] [DEBUG] cheese - null
[2018-01-25T17:13:36.980] [DEBUG] cheese - null
[2018-01-25T17:15:25.578] [DEBUG] cheese - null
[2018-01-25T17:15:25.587] [DEBUG] cheese - null
[2018-01-25T17:16:04.868] [DEBUG] cheese - null
[2018-01-25T17:16:04.874] [DEBUG] cheese - null
[2018-01-25T17:17:43.891] [DEBUG] cheese - null
[2018-01-25T17:17:43.899] [DEBUG] cheese - null
[2018-01-25T17:17:53.991] [DEBUG] cheese - null
[2018-01-25T17:17:53.997] [DEBUG] cheese - null
[2018-01-25T17:18:01.263] [DEBUG] cheese - null
[2018-01-25T17:18:01.269] [DEBUG] cheese - null
[2018-01-25T17:18:05.410] [DEBUG] cheese - null
[2018-01-25T17:18:05.418] [DEBUG] cheese - null
[2018-01-25T17:21:46.380] [DEBUG] cheese - null
[2018-01-25T17:21:46.387] [DEBUG] cheese - null
[2018-01-25T17:21:55.130] [DEBUG] cheese - null
[2018-01-25T17:21:55.140] [DEBUG] cheese - null
[2018-01-25T17:21:57.722] [DEBUG] cheese - null
[2018-01-25T17:21:57.729] [DEBUG] cheese - null
[2018-01-25T17:21:58.123] [DEBUG] cheese - null
[2018-01-25T17:21:58.129] [DEBUG] cheese - null
[2018-01-25T17:22:07.408] [DEBUG] cheese - null
[2018-01-25T17:22:07.414] [DEBUG] cheese - null
[2018-01-25T17:22:10.562] [DEBUG] cheese - null
[2018-01-25T17:22:10.568] [DEBUG] cheese - null
[2018-01-25T17:22:10.951] [DEBUG] cheese - null
[2018-01-25T17:22:10.957] [DEBUG] cheese - null
[2018-01-25T17:22:15.710] [DEBUG] cheese - null
[2018-01-25T17:22:20.030] [DEBUG] cheese - null
[2018-01-25T17:22:20.710] [DEBUG] cheese - null
[2018-01-25T17:22:34.744] [DEBUG] cheese - null
[2018-01-25T17:22:47.292] [DEBUG] cheese - null
[2018-01-25T17:22:47.295] [DEBUG] cheese - null
[2018-01-25T17:22:50.013] [DEBUG] cheese - null
[2018-01-25T17:22:54.280] [DEBUG] cheese - null
[2018-01-25T17:22:54.291] [DEBUG] cheese - null
[2018-01-25T17:23:04.442] [DEBUG] cheese - null
[2018-01-25T17:23:04.455] [DEBUG] cheese - null
[2018-01-25T17:23:08.771] [DEBUG] cheese - null
[2018-01-25T17:23:08.776] [DEBUG] cheese - null
[2018-01-25T17:23:11.209] [DEBUG] cheese - null
[2018-01-25T17:23:11.233] [DEBUG] cheese - null
[2018-01-25T17:56:43.681] [DEBUG] cheese - null
[2018-01-25T17:56:43.694] [DEBUG] cheese - null
[2018-01-25T17:56:48.715] [DEBUG] cheese - null
[2018-01-25T17:56:48.718] [DEBUG] cheese - null
[2018-01-25T18:04:47.707] [DEBUG] cheese - null
[2018-01-25T18:04:47.714] [DEBUG] cheese - null
[2018-01-25T18:05:06.049] [DEBUG] cheese - null
[2018-01-25T18:05:06.055] [DEBUG] cheese - null
[2018-01-25T18:09:08.272] [DEBUG] cheese - null
[2018-01-25T18:09:08.278] [DEBUG] cheese - null
[2018-01-25T18:15:25.663] [DEBUG] cheese - null
[2018-01-25T18:15:25.674] [DEBUG] cheese - null
[2018-01-25T18:15:33.985] [DEBUG] cheese - null
[2018-01-25T18:15:33.996] [DEBUG] cheese - null
[2018-01-25T18:15:40.070] [DEBUG] cheese - null
[2018-01-25T18:15:40.078] [DEBUG] cheese - null
[2018-01-25T18:15:41.795] [DEBUG] cheese - null
[2018-01-25T18:15:41.802] [DEBUG] cheese - null
[2018-01-25T18:15:42.169] [DEBUG] cheese - null
[2018-01-25T18:15:42.175] [DEBUG] cheese - null
[2018-01-25T18:15:49.859] [DEBUG] cheese - null
[2018-01-25T18:15:49.868] [DEBUG] cheese - null
[2018-01-25T18:15:50.233] [DEBUG] cheese - null
[2018-01-25T18:15:50.240] [DEBUG] cheese - null
[2018-01-25T18:16:09.165] [DEBUG] cheese - null
[2018-01-25T18:16:09.175] [DEBUG] cheese - null
[2018-01-25T18:16:45.810] [DEBUG] cheese - null
[2018-01-25T18:16:45.817] [DEBUG] cheese - null
[2018-01-25T18:16:46.234] [DEBUG] cheese - null
[2018-01-25T18:16:46.240] [DEBUG] cheese - null
[2018-01-25T18:16:48.714] [DEBUG] cheese - null
[2018-01-25T18:16:48.721] [DEBUG] cheese - null
[2018-01-25T18:16:50.071] [DEBUG] cheese - null
[2018-01-25T18:16:50.080] [DEBUG] cheese - null
[2018-01-25T18:16:50.469] [DEBUG] cheese - null
[2018-01-25T18:16:50.476] [DEBUG] cheese - null
[2018-01-25T18:17:16.021] [DEBUG] cheese - null
[2018-01-25T18:17:16.034] [DEBUG] cheese - null
[2018-01-25T18:17:31.749] [DEBUG] cheese - null
[2018-01-25T18:17:31.754] [DEBUG] cheese - null
[2018-01-25T18:17:33.292] [DEBUG] cheese - null
[2018-01-25T18:17:33.299] [DEBUG] cheese - null
[2018-01-25T18:17:33.678] [DEBUG] cheese - null
[2018-01-25T18:17:33.681] [DEBUG] cheese - null
[2018-01-25T18:19:48.029] [DEBUG] cheese - null
[2018-01-25T18:19:48.040] [DEBUG] cheese - null
[2018-01-25T18:20:29.961] [DEBUG] cheese - null
[2018-01-25T18:20:29.974] [DEBUG] cheese - null
[2018-01-25T18:20:56.025] [DEBUG] cheese - null
[2018-01-25T18:20:56.033] [DEBUG] cheese - null
[2018-01-25T18:21:11.972] [DEBUG] cheese - null
[2018-01-25T18:21:11.980] [DEBUG] cheese - null
[2018-01-25T18:21:12.390] [DEBUG] cheese - null
[2018-01-25T18:21:12.396] [DEBUG] cheese - null
[2018-01-25T18:21:14.706] [DEBUG] cheese - null
[2018-01-25T18:21:14.713] [DEBUG] cheese - null
[2018-01-25T18:21:16.181] [DEBUG] cheese - null
[2018-01-25T18:21:16.188] [DEBUG] cheese - null
[2018-01-25T18:21:16.593] [DEBUG] cheese - null
[2018-01-25T18:21:16.598] [DEBUG] cheese - null
[2018-01-25T18:21:19.856] [DEBUG] cheese - null
[2018-01-25T18:24:47.340] [DEBUG] cheese - null
[2018-01-25T18:24:47.347] [DEBUG] cheese - null
[2018-01-25T18:24:53.049] [DEBUG] cheese - null
[2018-01-25T18:24:53.056] [DEBUG] cheese - null
[2018-01-25T18:24:58.852] [DEBUG] cheese - null
[2018-01-25T18:24:58.859] [DEBUG] cheese - null
[2018-01-25T18:24:59.273] [DEBUG] cheese - null
[2018-01-25T18:24:59.279] [DEBUG] cheese - null
[2018-01-25T18:25:02.427] [DEBUG] cheese - null
[2018-01-25T18:26:02.861] [DEBUG] cheese - null
[2018-01-25T18:26:02.868] [DEBUG] cheese - null
[2018-01-25T18:26:09.109] [DEBUG] cheese - null
[2018-01-25T18:26:09.116] [DEBUG] cheese - null
[2018-01-25T18:26:10.458] [DEBUG] cheese - null
[2018-01-25T18:26:10.467] [DEBUG] cheese - null
[2018-01-25T18:26:10.870] [DEBUG] cheese - null
[2018-01-25T18:26:10.876] [DEBUG] cheese - null
[2018-01-25T18:26:16.497] [DEBUG] cheese - null
[2018-01-25T18:26:31.010] [DEBUG] cheese - null
[2018-01-25T18:26:35.112] [DEBUG] cheese - null
[2018-01-25T18:26:35.135] [DEBUG] cheese - null
[2018-01-25T18:26:38.118] [DEBUG] cheese - null
[2018-01-25T18:26:38.125] [DEBUG] cheese - null
[2018-01-25T18:27:14.205] [DEBUG] cheese - null
[2018-01-25T18:27:14.211] [DEBUG] cheese - null
[2018-01-25T18:27:17.189] [DEBUG] cheese - null
[2018-01-25T18:27:17.195] [DEBUG] cheese - null
[2018-01-25T18:27:18.489] [DEBUG] cheese - null
[2018-01-25T18:27:18.495] [DEBUG] cheese - null
[2018-01-25T18:27:18.879] [DEBUG] cheese - null
[2018-01-25T18:27:18.886] [DEBUG] cheese - null
[2018-01-25T18:27:24.755] [DEBUG] cheese - null
[2018-01-25T18:28:52.199] [DEBUG] cheese - null
[2018-01-25T18:28:52.210] [DEBUG] cheese - null
[2018-01-25T18:28:56.750] [DEBUG] cheese - null
[2018-01-25T18:28:56.763] [DEBUG] cheese - null
[2018-01-25T18:29:02.614] [DEBUG] cheese - null
[2018-01-25T18:29:02.625] [DEBUG] cheese - null
[2018-01-25T18:29:03.482] [DEBUG] cheese - null
[2018-01-25T18:29:03.491] [DEBUG] cheese - null
[2018-01-25T18:29:04.423] [DEBUG] cheese - null
[2018-01-25T18:29:04.433] [DEBUG] cheese - null
[2018-01-25T18:29:08.363] [DEBUG] cheese - null
[2018-01-25T18:29:08.380] [DEBUG] cheese - null
[2018-01-25T18:29:23.936] [DEBUG] cheese - login => username:admin,password:123456
[2018-01-25T18:29:23.936] [DEBUG] cheese - admin
[2018-01-25T18:29:23.940] [DEBUG] cheese - null
[2018-01-25T18:29:23.940] [DEBUG] cheese - null
[2018-01-25T18:29:25.096] [DEBUG] cheese - login => username:admin,password:123456
[2018-01-25T18:29:25.097] [DEBUG] cheese - admin
[2018-01-25T18:29:25.100] [DEBUG] cheese - null
[2018-01-25T18:29:25.100] [DEBUG] cheese - null
[2018-01-25T18:29:32.268] [DEBUG] cheese - login => username:admin,password:123456
[2018-01-25T18:29:32.268] [DEBUG] cheese - admin
[2018-01-25T18:29:32.274] [DEBUG] cheese - null
[2018-01-25T18:29:32.274] [DEBUG] cheese - null
[2018-01-25T22:17:40.997] [DEBUG] cheese - login => username:admin,password:123456
[2018-01-25T22:17:41.027] [DEBUG] cheese - admin
[2018-01-25T22:17:41.194] [DEBUG] cheese - null
[2018-01-25T22:17:41.200] [DEBUG] cheese - null
[2018-01-25T23:42:09.441] [DEBUG] cheese - login => username:admin,password:123456
[2018-01-25T23:42:09.450] [DEBUG] cheese - admin
[2018-01-25T23:42:09.467] [DEBUG] cheese - null
[2018-01-25T23:42:09.468] [DEBUG] cheese - null
[2018-01-25T23:42:10.584] [DEBUG] cheese - login => username:admin,password:123456
[2018-01-25T23:42:10.584] [DEBUG] cheese - admin
[2018-01-25T23:42:10.594] [DEBUG] cheese - null
[2018-01-25T23:42:10.594] [DEBUG] cheese - null
[2018-01-25T23:47:19.431] [DEBUG] cheese - login => username:admin,password:123456
[2018-01-25T23:47:19.431] [DEBUG] cheese - admin
[2018-01-25T23:47:19.435] [DEBUG] cheese - null
[2018-01-25T23:47:19.436] [DEBUG] cheese - null
[2018-01-25T23:47:21.459] [DEBUG] cheese - login => username:admin,password:123456
[2018-01-25T23:47:21.459] [DEBUG] cheese - admin
[2018-01-25T23:47:21.463] [DEBUG] cheese - null
[2018-01-25T23:47:21.463] [DEBUG] cheese - null
[2018-01-25T23:51:05.414] [DEBUG] cheese - login => username:hantao,password:123456
[2018-01-25T23:51:05.415] [DEBUG] cheese - hantao
[2018-01-25T23:51:05.420] [DEBUG] cheese - null
[2018-01-25T23:51:05.420] [DEBUG] cheese - null
[2018-01-25T23:51:08.849] [DEBUG] cheese - login => username:hantao,password:123456
[2018-01-25T23:51:08.849] [DEBUG] cheese - hantao
[2018-01-25T23:51:08.853] [DEBUG] cheese - null
[2018-01-25T23:51:08.853] [DEBUG] cheese - null
[2018-01-25T23:51:09.754] [DEBUG] cheese - login => username:hantao,password:123456
[2018-01-25T23:51:09.754] [DEBUG] cheese - hantao
[2018-01-25T23:51:09.757] [DEBUG] cheese - null
[2018-01-25T23:51:09.757] [DEBUG] cheese - null
[2018-01-25T23:51:10.080] [DEBUG] cheese - login => username:hantao,password:123456
[2018-01-25T23:51:10.080] [DEBUG] cheese - hantao
[2018-01-25T23:51:10.083] [DEBUG] cheese - null
[2018-01-25T23:51:10.084] [DEBUG] cheese - null
[2018-01-25T23:51:10.320] [DEBUG] cheese - login => username:hantao,password:123456
[2018-01-25T23:51:10.320] [DEBUG] cheese - hantao
[2018-01-25T23:51:10.323] [DEBUG] cheese - null
[2018-01-25T23:51:10.324] [DEBUG] cheese - null
[2018-01-25T23:51:10.570] [DEBUG] cheese - login => username:hantao,password:123456
[2018-01-25T23:51:10.570] [DEBUG] cheese - hantao
[2018-01-25T23:51:10.577] [DEBUG] cheese - null
[2018-01-25T23:51:10.577] [DEBUG] cheese - null
[2018-01-25T23:51:10.751] [DEBUG] cheese - login => username:hantao,password:123456
[2018-01-25T23:51:10.752] [DEBUG] cheese - hantao
[2018-01-25T23:51:10.755] [DEBUG] cheese - null
[2018-01-25T23:51:10.755] [DEBUG] cheese - null
[2018-01-25T23:51:10.919] [DEBUG] cheese - login => username:hantao,password:123456
[2018-01-25T23:51:10.920] [DEBUG] cheese - hantao
[2018-01-25T23:51:10.923] [DEBUG] cheese - null
[2018-01-25T23:51:10.923] [DEBUG] cheese - null
[2018-01-25T23:51:11.112] [DEBUG] cheese - login => username:hantao,password:123456
[2018-01-25T23:51:11.112] [DEBUG] cheese - hantao
[2018-01-25T23:51:11.116] [DEBUG] cheese - null
[2018-01-25T23:51:11.116] [DEBUG] cheese - null
[2018-01-25T23:52:41.758] [DEBUG] cheese - login => username:hantao,password:123456
[2018-01-25T23:52:41.758] [DEBUG] cheese - hantao
[2018-01-25T23:52:41.762] [DEBUG] cheese - null
[2018-01-25T23:52:41.762] [DEBUG] cheese - null
[2018-01-25T23:52:42.591] [DEBUG] cheese - login => username:hantao,password:123456
[2018-01-25T23:52:42.591] [DEBUG] cheese - hantao
[2018-01-25T23:52:42.595] [DEBUG] cheese - null
[2018-01-25T23:52:42.596] [DEBUG] cheese - null
[2018-01-25T23:52:52.771] [DEBUG] cheese - login => username:hantao,password:123456
[2018-01-25T23:52:52.771] [DEBUG] cheese - hantao
[2018-01-25T23:52:52.778] [DEBUG] cheese - null
[2018-01-25T23:52:52.778] [DEBUG] cheese - null
[2018-01-25T23:52:53.787] [DEBUG] cheese - login => username:hantao,password:123456
[2018-01-25T23:52:53.787] [DEBUG] cheese - hantao
[2018-01-25T23:52:53.794] [DEBUG] cheese - null
[2018-01-25T23:52:53.794] [DEBUG] cheese - null
[2018-01-25T23:52:57.217] [DEBUG] cheese - null
[2018-01-25T23:52:57.226] [DEBUG] cheese - null
[2018-01-25T23:53:00.630] [DEBUG] cheese - null
[2018-01-25T23:53:00.639] [DEBUG] cheese - null
[2018-01-25T23:53:01.445] [DEBUG] cheese - null
[2018-01-25T23:53:01.456] [DEBUG] cheese - null
[2018-01-25T23:53:04.167] [DEBUG] cheese - null
[2018-01-25T23:53:04.178] [DEBUG] cheese - null
[2018-01-25T23:53:20.135] [DEBUG] cheese - null
[2018-01-25T23:53:20.137] [DEBUG] cheese - null
[2018-01-25T23:53:22.913] [DEBUG] cheese - null
[2018-01-25T23:53:22.922] [DEBUG] cheese - null
[2018-01-25T23:53:26.225] [DEBUG] cheese - null
[2018-01-25T23:53:26.230] [DEBUG] cheese - null
[2018-01-25T23:53:35.612] [DEBUG] cheese - null
[2018-01-25T23:53:35.615] [DEBUG] cheese - null
[2018-01-25T23:53:38.084] [DEBUG] cheese - null
[2018-01-25T23:53:38.087] [DEBUG] cheese - null
[2018-01-25T23:53:58.529] [DEBUG] cheese - null
[2018-01-25T23:53:58.532] [DEBUG] cheese - null
[2018-01-25T23:54:00.144] [DEBUG] cheese - null
[2018-01-25T23:54:00.147] [DEBUG] cheese - null
[2018-01-25T23:54:01.109] [DEBUG] cheese - null
[2018-01-25T23:54:01.113] [DEBUG] cheese - null
[2018-01-25T23:54:02.542] [DEBUG] cheese - null
[2018-01-25T23:54:02.552] [DEBUG] cheese - null
[2018-01-25T23:54:03.653] [DEBUG] cheese - null
[2018-01-25T23:54:03.658] [DEBUG] cheese - null
[2018-01-25T23:54:44.116] [DEBUG] cheese - null
[2018-01-25T23:54:44.119] [DEBUG] cheese - null
[2018-01-25T23:54:46.766] [DEBUG] cheese - null
[2018-01-25T23:54:46.772] [DEBUG] cheese - null
[2018-01-25T23:54:51.055] [DEBUG] cheese - null
[2018-01-25T23:54:51.060] [DEBUG] cheese - null
[2018-01-25T23:54:51.656] [DEBUG] cheese - null
[2018-01-25T23:54:51.662] [DEBUG] cheese - null
[2018-01-25T23:54:52.151] [DEBUG] cheese - null
[2018-01-25T23:54:52.154] [DEBUG] cheese - null
[2018-01-25T23:54:53.663] [DEBUG] cheese - null
[2018-01-25T23:54:53.667] [DEBUG] cheese - null
[2018-01-25T23:55:06.621] [DEBUG] cheese - login => username:hantao,password:123456
[2018-01-25T23:55:06.630] [DEBUG] cheese - hantao
[2018-01-25T23:55:06.633] [DEBUG] cheese - null
[2018-01-25T23:55:06.634] [DEBUG] cheese - null
[2018-01-25T23:55:07.615] [DEBUG] cheese - login => username:hantao,password:123456
[2018-01-25T23:55:07.615] [DEBUG] cheese - hantao
[2018-01-25T23:55:07.620] [DEBUG] cheese - null
[2018-01-25T23:55:07.621] [DEBUG] cheese - null
[2018-01-25T23:55:12.158] [DEBUG] cheese - null
[2018-01-25T23:55:12.161] [DEBUG] cheese - null
[2018-01-25T23:55:14.272] [DEBUG] cheese - null
[2018-01-25T23:55:14.277] [DEBUG] cheese - null
[2018-01-25T23:55:14.948] [DEBUG] cheese - null
[2018-01-25T23:55:14.953] [DEBUG] cheese - null
[2018-01-25T23:55:18.865] [DEBUG] cheese - null
[2018-01-25T23:55:18.923] [DEBUG] cheese - null
[2018-01-25T23:55:20.759] [DEBUG] cheese - null
[2018-01-25T23:55:20.770] [DEBUG] cheese - null
[2018-01-25T23:55:24.216] [DEBUG] cheese - null
[2018-01-25T23:55:24.221] [DEBUG] cheese - null
[2018-01-25T23:55:25.301] [DEBUG] cheese - null
[2018-01-25T23:55:25.305] [DEBUG] cheese - null
[2018-01-25T23:55:25.913] [DEBUG] cheese - null
[2018-01-25T23:55:25.916] [DEBUG] cheese - null
[2018-01-25T23:55:26.386] [DEBUG] cheese - null
[2018-01-25T23:55:26.388] [DEBUG] cheese - null
[2018-01-25T23:55:26.705] [DEBUG] cheese - null
[2018-01-25T23:55:26.708] [DEBUG] cheese - null
[2018-01-25T23:55:26.954] [DEBUG] cheese - null
[2018-01-25T23:55:26.957] [DEBUG] cheese - null
[2018-01-25T23:55:27.228] [DEBUG] cheese - null
[2018-01-25T23:55:27.231] [DEBUG] cheese - null
[2018-01-25T23:55:27.474] [DEBUG] cheese - null
[2018-01-25T23:55:27.478] [DEBUG] cheese - null
[2018-01-25T23:55:27.715] [DEBUG] cheese - null
[2018-01-25T23:55:27.717] [DEBUG] cheese - null
[2018-01-25T23:55:27.922] [DEBUG] cheese - null
[2018-01-25T23:55:27.927] [DEBUG] cheese - null
[2018-01-25T23:55:43.231] [DEBUG] cheese - null
[2018-01-25T23:55:43.234] [DEBUG] cheese - null
[2018-01-25T23:55:52.025] [DEBUG] cheese - null
[2018-01-25T23:55:52.028] [DEBUG] cheese - null
[2018-01-25T23:55:55.083] [DEBUG] cheese - null
[2018-01-25T23:55:55.086] [DEBUG] cheese - null
[2018-01-25T23:55:56.793] [DEBUG] cheese - null
[2018-01-25T23:55:56.797] [DEBUG] cheese - null
[2018-01-25T23:55:57.785] [DEBUG] cheese - null
[2018-01-25T23:55:57.789] [DEBUG] cheese - null
[2018-01-25T23:55:59.123] [DEBUG] cheese - null
[2018-01-25T23:55:59.128] [DEBUG] cheese - null
[2018-01-25T23:55:59.545] [DEBUG] cheese - null
[2018-01-25T23:55:59.548] [DEBUG] cheese - null
[2018-01-25T23:56:00.201] [DEBUG] cheese - null
[2018-01-25T23:56:00.204] [DEBUG] cheese - null
[2018-01-25T23:56:00.706] [DEBUG] cheese - null
[2018-01-25T23:56:00.712] [DEBUG] cheese - null
[2018-01-25T23:56:01.332] [DEBUG] cheese - null
[2018-01-25T23:56:01.339] [DEBUG] cheese - null
[2018-01-25T23:56:01.700] [DEBUG] cheese - null
[2018-01-25T23:56:01.705] [DEBUG] cheese - null
[2018-01-25T23:56:05.397] [DEBUG] cheese - null
[2018-01-25T23:56:05.405] [DEBUG] cheese - null
[2018-01-25T23:56:06.440] [DEBUG] cheese - null
[2018-01-25T23:56:06.447] [DEBUG] cheese - null
[2018-01-25T23:56:07.373] [DEBUG] cheese - null
[2018-01-25T23:56:07.380] [DEBUG] cheese - null
[2018-01-25T23:56:08.358] [DEBUG] cheese - null
[2018-01-25T23:56:08.366] [DEBUG] cheese - null
[2018-01-25T23:56:08.909] [DEBUG] cheese - null
[2018-01-25T23:56:08.917] [DEBUG] cheese - null
[2018-01-25T23:56:15.097] [DEBUG] cheese - null
[2018-01-25T23:56:15.105] [DEBUG] cheese - null
[2018-01-25T23:56:16.233] [DEBUG] cheese - null
[2018-01-25T23:56:16.240] [DEBUG] cheese - null
[2018-01-25T23:56:16.941] [DEBUG] cheese - null
[2018-01-25T23:56:16.952] [DEBUG] cheese - null
[2018-01-25T23:56:17.949] [DEBUG] cheese - null
[2018-01-25T23:56:17.956] [DEBUG] cheese - null
[2018-01-25T23:56:18.357] [DEBUG] cheese - null
[2018-01-25T23:56:18.369] [DEBUG] cheese - null
[2018-01-25T23:56:18.714] [DEBUG] cheese - null
[2018-01-25T23:56:18.717] [DEBUG] cheese - null
[2018-01-25T23:56:19.000] [DEBUG] cheese - null
[2018-01-25T23:56:19.004] [DEBUG] cheese - null
[2018-01-25T23:56:19.296] [DEBUG] cheese - null
[2018-01-25T23:56:19.299] [DEBUG] cheese - null
[2018-01-25T23:56:19.587] [DEBUG] cheese - null
[2018-01-25T23:56:19.590] [DEBUG] cheese - null
[2018-01-25T23:56:19.891] [DEBUG] cheese - null
[2018-01-25T23:56:19.895] [DEBUG] cheese - null
[2018-01-25T23:56:20.192] [DEBUG] cheese - null
[2018-01-25T23:56:20.195] [DEBUG] cheese - null
[2018-01-25T23:56:33.167] [DEBUG] cheese - null
[2018-01-25T23:56:33.171] [DEBUG] cheese - null
[2018-01-25T23:56:35.433] [DEBUG] cheese - null
[2018-01-25T23:56:35.436] [DEBUG] cheese - null
[2018-01-25T23:56:37.392] [DEBUG] cheese - null
[2018-01-25T23:56:37.399] [DEBUG] cheese - null
[2018-01-25T23:56:39.005] [DEBUG] cheese - null
[2018-01-25T23:56:39.008] [DEBUG] cheese - null
[2018-01-25T23:56:40.929] [DEBUG] cheese - null
[2018-01-25T23:56:40.934] [DEBUG] cheese - null
[2018-01-25T23:56:42.286] [DEBUG] cheese - null
[2018-01-25T23:56:42.290] [DEBUG] cheese - null
[2018-01-25T23:56:43.087] [DEBUG] cheese - null
[2018-01-25T23:56:43.090] [DEBUG] cheese - null
[2018-01-25T23:56:44.572] [DEBUG] cheese - null
[2018-01-25T23:56:44.576] [DEBUG] cheese - null
[2018-01-25T23:56:45.580] [DEBUG] cheese - null
[2018-01-25T23:56:45.583] [DEBUG] cheese - null
[2018-01-25T23:56:51.313] [DEBUG] cheese - null
[2018-01-25T23:56:51.317] [DEBUG] cheese - null
[2018-01-25T23:56:54.767] [DEBUG] cheese - null
[2018-01-25T23:56:54.770] [DEBUG] cheese - null
[2018-01-25T23:56:55.840] [DEBUG] cheese - null
[2018-01-25T23:56:55.847] [DEBUG] cheese - null
[2018-01-25T23:56:57.495] [DEBUG] cheese - null
[2018-01-25T23:56:57.498] [DEBUG] cheese - null
[2018-01-25T23:57:00.403] [DEBUG] cheese - null
[2018-01-25T23:57:00.407] [DEBUG] cheese - null
[2018-01-25T23:57:01.573] [DEBUG] cheese - null
[2018-01-25T23:57:01.578] [DEBUG] cheese - null
[2018-01-25T23:57:02.330] [DEBUG] cheese - null
[2018-01-25T23:57:02.333] [DEBUG] cheese - null
[2018-01-25T23:57:38.758] [DEBUG] cheese - null
[2018-01-25T23:57:38.763] [DEBUG] cheese - null
[2018-01-25T23:57:40.012] [DEBUG] cheese - null
[2018-01-25T23:57:40.015] [DEBUG] cheese - null
[2018-01-25T23:57:41.016] [DEBUG] cheese - null
[2018-01-25T23:57:41.019] [DEBUG] cheese - null
[2018-01-25T23:57:43.552] [DEBUG] cheese - null
[2018-01-25T23:57:43.554] [DEBUG] cheese - null
[2018-01-25T23:57:44.539] [DEBUG] cheese - null
[2018-01-25T23:57:44.545] [DEBUG] cheese - null
[2018-01-25T23:57:45.359] [DEBUG] cheese - null
[2018-01-25T23:57:45.361] [DEBUG] cheese - null
[2018-01-25T23:57:45.815] [DEBUG] cheese - null
[2018-01-25T23:57:45.820] [DEBUG] cheese - null
[2018-01-25T23:57:46.130] [DEBUG] cheese - null
[2018-01-25T23:57:46.134] [DEBUG] cheese - null
[2018-01-25T23:57:46.423] [DEBUG] cheese - null
[2018-01-25T23:57:46.430] [DEBUG] cheese - null
[2018-01-25T23:57:49.127] [DEBUG] cheese - null
[2018-01-25T23:57:49.134] [DEBUG] cheese - null
[2018-01-25T23:57:50.434] [DEBUG] cheese - null
[2018-01-25T23:57:50.442] [DEBUG] cheese - null
[2018-01-25T23:57:52.529] [DEBUG] cheese - null
[2018-01-25T23:57:52.532] [DEBUG] cheese - null
[2018-01-25T23:57:53.181] [DEBUG] cheese - null
[2018-01-25T23:57:53.185] [DEBUG] cheese - null
[2018-01-25T23:57:53.552] [DEBUG] cheese - null
[2018-01-25T23:57:53.605] [DEBUG] cheese - null
[2018-01-25T23:57:53.985] [DEBUG] cheese - null
[2018-01-25T23:57:53.988] [DEBUG] cheese - null
[2018-01-25T23:57:54.300] [DEBUG] cheese - null
[2018-01-25T23:57:54.305] [DEBUG] cheese - null
[2018-01-25T23:58:37.863] [DEBUG] cheese - null
[2018-01-25T23:58:37.867] [DEBUG] cheese - null
[2018-01-26T00:03:22.749] [DEBUG] cheese - null
[2018-01-26T00:03:22.769] [DEBUG] cheese - null
[2018-01-26T00:03:24.174] [DEBUG] cheese - null
[2018-01-26T00:03:24.179] [DEBUG] cheese - null
[2018-01-26T00:03:24.743] [DEBUG] cheese - null
[2018-01-26T00:03:24.746] [DEBUG] cheese - null
[2018-01-26T00:03:25.826] [DEBUG] cheese - null
[2018-01-26T00:03:25.832] [DEBUG] cheese - null
[2018-01-26T00:03:27.438] [DEBUG] cheese - null
[2018-01-26T00:03:27.442] [DEBUG] cheese - null
[2018-01-26T00:03:28.555] [DEBUG] cheese - null
[2018-01-26T00:03:28.560] [DEBUG] cheese - null
[2018-01-26T00:03:29.136] [DEBUG] cheese - null
[2018-01-26T00:03:29.141] [DEBUG] cheese - null
[2018-01-26T00:03:30.472] [DEBUG] cheese - null
[2018-01-26T00:03:30.476] [DEBUG] cheese - null
[2018-01-26T00:03:31.399] [DEBUG] cheese - null
[2018-01-26T00:03:31.411] [DEBUG] cheese - null
[2018-01-26T00:03:32.147] [DEBUG] cheese - null
[2018-01-26T00:03:32.152] [DEBUG] cheese - null
[2018-01-26T00:03:34.501] [DEBUG] cheese - null
[2018-01-26T00:03:34.504] [DEBUG] cheese - null
[2018-01-26T00:03:36.315] [DEBUG] cheese - null
[2018-01-26T00:03:36.318] [DEBUG] cheese - null
[2018-01-26T00:03:37.939] [DEBUG] cheese - null
[2018-01-26T00:03:37.941] [DEBUG] cheese - null
[2018-01-26T00:03:38.600] [DEBUG] cheese - null
[2018-01-26T00:03:38.604] [DEBUG] cheese - null
[2018-01-26T00:03:39.637] [DEBUG] cheese - null
[2018-01-26T00:03:39.641] [DEBUG] cheese - null
[2018-01-26T00:03:41.805] [DEBUG] cheese - null
[2018-01-26T00:03:41.811] [DEBUG] cheese - null
[2018-01-26T00:03:58.279] [DEBUG] cheese - null
[2018-01-26T00:03:58.285] [DEBUG] cheese - null
[2018-01-26T00:04:02.105] [DEBUG] cheese - null
[2018-01-26T00:04:02.109] [DEBUG] cheese - null
[2018-01-26T00:04:09.338] [DEBUG] cheese - null
[2018-01-26T00:04:09.344] [DEBUG] cheese - null
[2018-01-26T00:04:14.785] [DEBUG] cheese - null
[2018-01-26T00:04:14.791] [DEBUG] cheese - null
[2018-01-26T00:04:23.943] [DEBUG] cheese - null
[2018-01-26T00:04:23.951] [DEBUG] cheese - null
[2018-01-26T00:04:25.034] [DEBUG] cheese - null
[2018-01-26T00:04:25.039] [DEBUG] cheese - null
[2018-01-26T00:04:25.997] [DEBUG] cheese - null
[2018-01-26T00:04:25.999] [DEBUG] cheese - null
[2018-01-26T00:04:31.070] [DEBUG] cheese - null
[2018-01-26T00:04:31.073] [DEBUG] cheese - null
[2018-01-26T00:04:32.096] [DEBUG] cheese - null
[2018-01-26T00:04:32.101] [DEBUG] cheese - null
[2018-01-26T00:04:34.654] [DEBUG] cheese - null
[2018-01-26T00:04:34.657] [DEBUG] cheese - null
[2018-01-26T00:04:56.601] [DEBUG] cheese - null
[2018-01-26T00:04:56.608] [DEBUG] cheese - null
[2018-01-26T00:04:59.568] [DEBUG] cheese - null
[2018-01-26T00:04:59.575] [DEBUG] cheese - null
[2018-01-26T00:05:03.316] [DEBUG] cheese - null
[2018-01-26T00:05:03.322] [DEBUG] cheese - null
[2018-01-26T00:05:05.762] [DEBUG] cheese - null
[2018-01-26T00:05:05.768] [DEBUG] cheese - null
[2018-01-26T00:05:25.490] [DEBUG] cheese - null
[2018-01-26T00:05:25.497] [DEBUG] cheese - null
[2018-01-26T00:07:07.440] [DEBUG] cheese - null
[2018-01-26T00:07:07.446] [DEBUG] cheese - null
[2018-01-26T00:07:15.545] [DEBUG] cheese - null
[2018-01-26T00:07:15.563] [DEBUG] cheese - null
[2018-01-26T00:07:20.227] [DEBUG] cheese - null
[2018-01-26T00:07:20.236] [DEBUG] cheese - null
[2018-01-26T00:07:22.852] [DEBUG] cheese - null
[2018-01-26T00:07:22.863] [DEBUG] cheese - null
[2018-01-26T00:07:24.276] [DEBUG] cheese - null
[2018-01-26T00:07:24.283] [DEBUG] cheese - null
[2018-01-26T00:07:29.200] [DEBUG] cheese - null
[2018-01-26T00:07:29.204] [DEBUG] cheese - null
[2018-01-26T00:07:30.304] [DEBUG] cheese - null
[2018-01-26T00:07:30.308] [DEBUG] cheese - null
[2018-01-26T00:07:31.894] [DEBUG] cheese - null
[2018-01-26T00:07:31.896] [DEBUG] cheese - null
[2018-01-26T00:07:34.109] [DEBUG] cheese - null
[2018-01-26T00:07:34.113] [DEBUG] cheese - null
[2018-01-26T00:07:34.957] [DEBUG] cheese - null
[2018-01-26T00:07:34.960] [DEBUG] cheese - null
[2018-01-26T00:07:36.478] [DEBUG] cheese - null
[2018-01-26T00:07:36.482] [DEBUG] cheese - null
[2018-01-26T00:07:39.101] [DEBUG] cheese - null
[2018-01-26T00:07:39.104] [DEBUG] cheese - null
[2018-01-26T00:07:41.110] [DEBUG] cheese - null
[2018-01-26T00:07:41.114] [DEBUG] cheese - null
[2018-01-26T00:07:42.659] [DEBUG] cheese - null
[2018-01-26T00:07:42.664] [DEBUG] cheese - null
[2018-01-26T00:07:44.045] [DEBUG] cheese - null
[2018-01-26T00:07:44.048] [DEBUG] cheese - null
[2018-01-26T00:07:46.373] [DEBUG] cheese - null
[2018-01-26T00:07:46.376] [DEBUG] cheese - null
[2018-01-26T00:07:47.678] [DEBUG] cheese - null
[2018-01-26T00:07:47.682] [DEBUG] cheese - null
[2018-01-26T00:07:50.380] [DEBUG] cheese - null
[2018-01-26T00:07:50.383] [DEBUG] cheese - null
[2018-01-26T00:07:52.599] [DEBUG] cheese - null
[2018-01-26T00:07:52.606] [DEBUG] cheese - null
[2018-01-26T00:08:45.286] [DEBUG] cheese - null
[2018-01-26T00:08:45.293] [DEBUG] cheese - null
[2018-01-26T00:08:46.223] [DEBUG] cheese - null
[2018-01-26T00:08:46.231] [DEBUG] cheese - null
[2018-01-26T00:08:48.752] [DEBUG] cheese - null
[2018-01-26T00:08:48.760] [DEBUG] cheese - null
[2018-01-26T00:08:58.115] [DEBUG] cheese - null
[2018-01-26T00:08:58.127] [DEBUG] cheese - null
[2018-01-26T00:09:00.031] [DEBUG] cheese - null
[2018-01-26T00:09:00.038] [DEBUG] cheese - null
[2018-01-26T00:09:03.255] [DEBUG] cheese - null
[2018-01-26T00:09:03.265] [DEBUG] cheese - null
[2018-01-26T08:58:19.361] [DEBUG] cheese - login => username:admin,password:123456
[2018-01-26T08:58:19.363] [DEBUG] cheese - admin
[2018-01-26T08:58:19.404] [DEBUG] cheese - null
[2018-01-26T08:58:19.406] [DEBUG] cheese - null
[2018-01-26T09:01:41.408] [DEBUG] cheese - login => username:hantao,password:123456
[2018-01-26T09:01:41.410] [DEBUG] cheese - hantao
[2018-01-26T09:01:41.418] [DEBUG] cheese - null
[2018-01-26T09:01:41.420] [DEBUG] cheese - null
[2018-01-26T09:01:42.758] [DEBUG] cheese - login => username:hantao,password:123456
[2018-01-26T09:01:42.758] [DEBUG] cheese - hantao
[2018-01-26T09:01:42.765] [DEBUG] cheese - null
[2018-01-26T09:01:42.765] [DEBUG] cheese - null
[2018-01-31T00:59:29.476] [DEBUG] cheese - login => username:admin,password:123456
[2018-01-31T00:59:29.509] [DEBUG] cheese - admin
[2018-01-31T00:59:29.528] [DEBUG] cheese - null
[2018-01-31T00:59:29.529] [DEBUG] cheese - null
[2018-01-31T00:59:30.158] [DEBUG] cheese - login => username:admin,password:123456
[2018-01-31T00:59:30.158] [DEBUG] cheese - admin
[2018-01-31T00:59:30.163] [DEBUG] cheese - null
[2018-01-31T00:59:30.163] [DEBUG] cheese - null
[2018-01-31T00:59:32.192] [DEBUG] cheese - null
[2018-01-31T00:59:32.196] [DEBUG] cheese - null
[2018-01-31T00:59:34.094] [DEBUG] cheese - null
[2018-01-31T00:59:34.099] [DEBUG] cheese - null
[2018-01-31T00:59:36.010] [DEBUG] cheese - null
[2018-01-31T00:59:36.013] [DEBUG] cheese - null
[2018-01-31T00:59:38.500] [DEBUG] cheese - null
[2018-01-31T00:59:38.505] [DEBUG] cheese - null
[2018-01-31T00:59:40.383] [DEBUG] cheese - null
[2018-01-31T00:59:40.388] [DEBUG] cheese - null
[2018-01-31T00:59:48.586] [DEBUG] cheese - null
[2018-01-31T00:59:48.589] [DEBUG] cheese - null
[2018-01-31T01:05:22.418] [DEBUG] cheese - null
[2018-01-31T01:05:22.422] [DEBUG] cheese - null
[2018-01-31T01:05:24.473] [DEBUG] cheese - null
[2018-01-31T01:05:24.477] [DEBUG] cheese - null
[2018-01-31T01:05:25.252] [DEBUG] cheese - null
[2018-01-31T01:05:25.255] [DEBUG] cheese - null
[2018-01-31T01:05:25.696] [DEBUG] cheese - null
[2018-01-31T01:05:25.698] [DEBUG] cheese - null
[2018-01-31T01:05:25.991] [DEBUG] cheese - null
[2018-01-31T01:05:25.994] [DEBUG] cheese - null
[2018-01-31T01:05:26.248] [DEBUG] cheese - null
[2018-01-31T01:05:26.285] [DEBUG] cheese - null
[2018-01-31T01:05:26.511] [DEBUG] cheese - null
[2018-01-31T01:05:26.516] [DEBUG] cheese - null
[2018-01-31T01:05:35.882] [DEBUG] cheese - null
[2018-01-31T01:05:35.885] [DEBUG] cheese - null
[2018-01-31T01:05:36.480] [DEBUG] cheese - null
[2018-01-31T01:05:36.486] [DEBUG] cheese - null
[2018-01-31T01:05:38.931] [DEBUG] cheese - null
[2018-01-31T01:05:38.935] [DEBUG] cheese - null
[2018-01-31T01:05:47.235] [DEBUG] cheese - null
[2018-01-31T01:05:47.239] [DEBUG] cheese - null
[2018-01-31T01:05:50.232] [DEBUG] cheese - null
[2018-01-31T01:05:50.237] [DEBUG] cheese - null
[2018-01-31T01:05:52.509] [DEBUG] cheese - null
[2018-01-31T01:05:52.513] [DEBUG] cheese - null
[2018-01-31T01:05:59.558] [DEBUG] cheese - null
[2018-01-31T01:05:59.562] [DEBUG] cheese - null
[2018-01-31T01:07:27.999] [DEBUG] cheese - null
[2018-01-31T01:07:28.003] [DEBUG] cheese - null
[2018-01-31T01:08:42.909] [DEBUG] cheese - null
[2018-01-31T01:08:42.914] [DEBUG] cheese - null
[2018-01-31T01:10:09.346] [DEBUG] cheese - null
[2018-01-31T01:10:09.350] [DEBUG] cheese - null
[2018-01-31T01:12:51.683] [DEBUG] cheese - null
[2018-01-31T01:12:51.687] [DEBUG] cheese - null
[2018-01-31T01:12:54.922] [DEBUG] cheese - null
[2018-01-31T01:12:54.925] [DEBUG] cheese - null
[2018-01-31T01:13:04.053] [DEBUG] cheese - null
[2018-01-31T01:13:04.095] [DEBUG] cheese - null
[2018-01-31T01:13:05.294] [DEBUG] cheese - null
[2018-01-31T01:13:05.298] [DEBUG] cheese - null
[2018-01-31T01:13:07.235] [DEBUG] cheese - null
[2018-01-31T01:13:07.238] [DEBUG] cheese - null
[2018-01-31T01:13:08.179] [DEBUG] cheese - null
[2018-01-31T01:13:08.183] [DEBUG] cheese - null
[2018-01-31T01:13:08.651] [DEBUG] cheese - null
[2018-01-31T01:13:08.654] [DEBUG] cheese - null
[2018-01-31T01:13:10.798] [DEBUG] cheese - null
[2018-01-31T01:13:10.802] [DEBUG] cheese - null
[2018-01-31T01:13:11.255] [DEBUG] cheese - null
[2018-01-31T01:13:11.258] [DEBUG] cheese - null
[2018-01-31T01:13:11.579] [DEBUG] cheese - null
[2018-01-31T01:13:11.582] [DEBUG] cheese - null
[2018-01-31T01:13:11.860] [DEBUG] cheese - null
[2018-01-31T01:13:11.863] [DEBUG] cheese - null
[2018-01-31T01:13:12.155] [DEBUG] cheese - null
[2018-01-31T01:13:12.158] [DEBUG] cheese - null
[2018-01-31T01:13:12.396] [DEBUG] cheese - null
[2018-01-31T01:13:12.400] [DEBUG] cheese - null
[2018-12-02T03:08:51.178] [DEBUG] cheese - login => username:zce,password:123456
[2018-12-02T03:08:51.193] [DEBUG] cheese - zce
[2018-12-02T03:08:51.224] [DEBUG] cheese - null
[2018-12-02T03:08:51.224] [DEBUG] cheese - null
[2018-12-02T03:08:57.290] [DEBUG] cheese - login => username:admin,password:123456
[2018-12-02T03:08:57.291] [DEBUG] cheese - admin
[2018-12-02T03:08:57.303] [DEBUG] cheese - null
[2018-12-02T03:08:57.303] [DEBUG] cheese - null
[2018-12-02T03:08:58.713] [DEBUG] cheese - login => username:admin,password:123456
[2018-12-02T03:08:58.713] [DEBUG] cheese - admin
[2018-12-02T03:08:58.721] [DEBUG] cheese - null
[2018-12-02T03:08:58.721] [DEBUG] cheese - null
[2018-12-02T04:35:19.678] [DEBUG] cheese - login => username:admin,password:123456
[2018-12-02T04:35:19.681] [DEBUG] cheese - admin
[2018-12-02T04:35:19.685] [DEBUG] cheese - null
[2018-12-02T04:35:19.686] [DEBUG] cheese - null
